INFO: [SIM 2] *************** CSIM start ***************
INFO: [SIM 4] CSIM will launch GCC as the compiler.
   Compiling(apcc) ../../../testbench.c in debug mode
INFO: [HLS 200-10] Running 'F:/Vivado/Vivado/2018.3/bin/unwrapped/win64.o/apcc.exe'
INFO: [HLS 200-10] For user 'TGDD' on host 'laptop-f7v13plb' (Windows NT_amd64 version 6.2) on Fri Nov 29 21:01:52 +0700 2024
INFO: [HLS 200-10] In directory 'F:/Workspace/Convolution2D/Convolution2D/solution1/csim/build'
INFO: [APCC 202-3] Tmp directory is apcc_db
INFO: [APCC 202-1] APCC is done.
   Compiling(apcc) ../../../convolution2D.c in debug mode
INFO: [HLS 200-10] Running 'F:/Vivado/Vivado/2018.3/bin/unwrapped/win64.o/apcc.exe'
INFO: [HLS 200-10] For user 'TGDD' on host 'laptop-f7v13plb' (Windows NT_amd64 version 6.2) on Fri Nov 29 21:01:56 +0700 2024
INFO: [HLS 200-10] In directory 'F:/Workspace/Convolution2D/Convolution2D/solution1/csim/build'
INFO: [APCC 202-3] Tmp directory is apcc_db
INFO: [APCC 202-1] APCC is done.
   Generating csim.exe
Test Case 1: PASS
Test Case 2: PASS
Test Case 3: PASS
Test Case 4: PASS
Test Case 5: PASS
INFO: [SIM 1] CSim done with 0 errors.
INFO: [SIM 3] *************** CSIM finish ***************
