#-----------------------------------------------------------
# xsim v2018.3 (64-bit)
# SW Build 2405991 on Thu Dec  6 23:38:27 MST 2018
# IP Build 2404404 on Fri Dec  7 01:43:56 MST 2018
# Start of session at: Wed Dec 18 17:07:50 2024
# Process ID: 10764
# Current directory: F:/Workspace/Design-Conv2D-using-HLS/Convolution2D/Convolution2D/solution1/sim/verilog
# Command line: xsim.exe -mode tcl -source {xsim.dir/convolution2D/xsim_script.tcl}
# Log file: F:/Workspace/Design-Conv2D-using-HLS/Convolution2D/Convolution2D/solution1/sim/verilog/xsim.log
# Journal file: F:/Workspace/Design-Conv2D-using-HLS/Convolution2D/Convolution2D/solution1/sim/verilog\xsim.jou
#-----------------------------------------------------------
source xsim.dir/convolution2D/xsim_script.tcl
# xsim {convolution2D} -autoloadwcfg -tclbatch {convolution2D.tcl}
Vivado Simulator 2018.3
Time resolution is 1 ps
source convolution2D.tcl
## log_wave -r /
WARNING: [Simtcl 6-197] One or more HDL objects could not be logged because of object type or size limitations.  To see details please rerun the command with -verbose (-v).
## set designtopgroup [add_wave_group "Design Top Signals"]
## set coutputgroup [add_wave_group "C Outputs" -into $designtopgroup]
## set output_group [add_wave_group output(memory) -into $coutputgroup]
## add_wave /apatb_convolution2D_top/AESL_inst_convolution2D/output_r_d0 -into $output_group -radix hex
## add_wave /apatb_convolution2D_top/AESL_inst_convolution2D/output_r_we0 -into $output_group -color #ffff00 -radix hex
## add_wave /apatb_convolution2D_top/AESL_inst_convolution2D/output_r_ce0 -into $output_group -color #ffff00 -radix hex
## add_wave /apatb_convolution2D_top/AESL_inst_convolution2D/output_r_address0 -into $output_group -radix hex
## set cinputgroup [add_wave_group "C Inputs" -into $designtopgroup]
## set kernel_group [add_wave_group kernel(wire) -into $cinputgroup]
## add_wave /apatb_convolution2D_top/AESL_inst_convolution2D/kernel_2_2 -into $kernel_group -radix hex
## add_wave /apatb_convolution2D_top/AESL_inst_convolution2D/kernel_2_1 -into $kernel_group -radix hex
## add_wave /apatb_convolution2D_top/AESL_inst_convolution2D/kernel_2_0 -into $kernel_group -radix hex
## add_wave /apatb_convolution2D_top/AESL_inst_convolution2D/kernel_1_2 -into $kernel_group -radix hex
## add_wave /apatb_convolution2D_top/AESL_inst_convolution2D/kernel_1_1 -into $kernel_group -radix hex
## add_wave /apatb_convolution2D_top/AESL_inst_convolution2D/kernel_1_0 -into $kernel_group -radix hex
## add_wave /apatb_convolution2D_top/AESL_inst_convolution2D/kernel_0_2 -into $kernel_group -radix hex
## add_wave /apatb_convolution2D_top/AESL_inst_convolution2D/kernel_0_1 -into $kernel_group -radix hex
## add_wave /apatb_convolution2D_top/AESL_inst_convolution2D/kernel_0_0 -into $kernel_group -radix hex
## set input_group [add_wave_group input(memory) -into $cinputgroup]
## add_wave /apatb_convolution2D_top/AESL_inst_convolution2D/input_2_q1 -into $input_group -radix hex
## add_wave /apatb_convolution2D_top/AESL_inst_convolution2D/input_2_ce1 -into $input_group -color #ffff00 -radix hex
## add_wave /apatb_convolution2D_top/AESL_inst_convolution2D/input_2_address1 -into $input_group -radix hex
## add_wave /apatb_convolution2D_top/AESL_inst_convolution2D/input_2_q0 -into $input_group -radix hex
## add_wave /apatb_convolution2D_top/AESL_inst_convolution2D/input_2_ce0 -into $input_group -color #ffff00 -radix hex
## add_wave /apatb_convolution2D_top/AESL_inst_convolution2D/input_2_address0 -into $input_group -radix hex
## add_wave /apatb_convolution2D_top/AESL_inst_convolution2D/input_1_q1 -into $input_group -radix hex
## add_wave /apatb_convolution2D_top/AESL_inst_convolution2D/input_1_ce1 -into $input_group -color #ffff00 -radix hex
## add_wave /apatb_convolution2D_top/AESL_inst_convolution2D/input_1_address1 -into $input_group -radix hex
## add_wave /apatb_convolution2D_top/AESL_inst_convolution2D/input_1_q0 -into $input_group -radix hex
## add_wave /apatb_convolution2D_top/AESL_inst_convolution2D/input_1_ce0 -into $input_group -color #ffff00 -radix hex
## add_wave /apatb_convolution2D_top/AESL_inst_convolution2D/input_1_address0 -into $input_group -radix hex
## add_wave /apatb_convolution2D_top/AESL_inst_convolution2D/input_0_q1 -into $input_group -radix hex
## add_wave /apatb_convolution2D_top/AESL_inst_convolution2D/input_0_ce1 -into $input_group -color #ffff00 -radix hex
## add_wave /apatb_convolution2D_top/AESL_inst_convolution2D/input_0_address1 -into $input_group -radix hex
## add_wave /apatb_convolution2D_top/AESL_inst_convolution2D/input_0_q0 -into $input_group -radix hex
## add_wave /apatb_convolution2D_top/AESL_inst_convolution2D/input_0_ce0 -into $input_group -color #ffff00 -radix hex
## add_wave /apatb_convolution2D_top/AESL_inst_convolution2D/input_0_address0 -into $input_group -radix hex
## set blocksiggroup [add_wave_group "Block-level IO Handshake" -into $designtopgroup]
## add_wave /apatb_convolution2D_top/AESL_inst_convolution2D/ap_start -into $blocksiggroup
## add_wave /apatb_convolution2D_top/AESL_inst_convolution2D/ap_done -into $blocksiggroup
## add_wave /apatb_convolution2D_top/AESL_inst_convolution2D/ap_idle -into $blocksiggroup
## add_wave /apatb_convolution2D_top/AESL_inst_convolution2D/ap_ready -into $blocksiggroup
## set resetgroup [add_wave_group "Reset" -into $designtopgroup]
## add_wave /apatb_convolution2D_top/AESL_inst_convolution2D/ap_rst -into $resetgroup
## set clockgroup [add_wave_group "Clock" -into $designtopgroup]
## add_wave /apatb_convolution2D_top/AESL_inst_convolution2D/ap_clk -into $clockgroup
## set testbenchgroup [add_wave_group "Test Bench Signals"]
## set tbinternalsiggroup [add_wave_group "Internal Signals" -into $testbenchgroup]
## set tb_simstatus_group [add_wave_group "Simulation Status" -into $tbinternalsiggroup]
## set tb_portdepth_group [add_wave_group "Port Depth" -into $tbinternalsiggroup]
## add_wave /apatb_convolution2D_top/AUTOTB_TRANSACTION_NUM -into $tb_simstatus_group -radix hex
## add_wave /apatb_convolution2D_top/ready_cnt -into $tb_simstatus_group -radix hex
## add_wave /apatb_convolution2D_top/done_cnt -into $tb_simstatus_group -radix hex
## add_wave /apatb_convolution2D_top/LENGTH_input_0 -into $tb_portdepth_group -radix hex
## add_wave /apatb_convolution2D_top/LENGTH_input_1 -into $tb_portdepth_group -radix hex
## add_wave /apatb_convolution2D_top/LENGTH_input_2 -into $tb_portdepth_group -radix hex
## add_wave /apatb_convolution2D_top/LENGTH_kernel_0_0 -into $tb_portdepth_group -radix hex
## add_wave /apatb_convolution2D_top/LENGTH_kernel_0_1 -into $tb_portdepth_group -radix hex
## add_wave /apatb_convolution2D_top/LENGTH_kernel_0_2 -into $tb_portdepth_group -radix hex
## add_wave /apatb_convolution2D_top/LENGTH_kernel_1_0 -into $tb_portdepth_group -radix hex
## add_wave /apatb_convolution2D_top/LENGTH_kernel_1_1 -into $tb_portdepth_group -radix hex
## add_wave /apatb_convolution2D_top/LENGTH_kernel_1_2 -into $tb_portdepth_group -radix hex
## add_wave /apatb_convolution2D_top/LENGTH_kernel_2_0 -into $tb_portdepth_group -radix hex
## add_wave /apatb_convolution2D_top/LENGTH_kernel_2_1 -into $tb_portdepth_group -radix hex
## add_wave /apatb_convolution2D_top/LENGTH_kernel_2_2 -into $tb_portdepth_group -radix hex
## add_wave /apatb_convolution2D_top/LENGTH_output_r -into $tb_portdepth_group -radix hex
## set tbcoutputgroup [add_wave_group "C Outputs" -into $testbenchgroup]
## set tb_output_group [add_wave_group output(memory) -into $tbcoutputgroup]
## add_wave /apatb_convolution2D_top/output_r_d0 -into $tb_output_group -radix hex
## add_wave /apatb_convolution2D_top/output_r_we0 -into $tb_output_group -color #ffff00 -radix hex
## add_wave /apatb_convolution2D_top/output_r_ce0 -into $tb_output_group -color #ffff00 -radix hex
## add_wave /apatb_convolution2D_top/output_r_address0 -into $tb_output_group -radix hex
## set tbcinputgroup [add_wave_group "C Inputs" -into $testbenchgroup]
## set tb_kernel_group [add_wave_group kernel(wire) -into $tbcinputgroup]
## add_wave /apatb_convolution2D_top/kernel_2_2 -into $tb_kernel_group -radix hex
## add_wave /apatb_convolution2D_top/kernel_2_1 -into $tb_kernel_group -radix hex
## add_wave /apatb_convolution2D_top/kernel_2_0 -into $tb_kernel_group -radix hex
## add_wave /apatb_convolution2D_top/kernel_1_2 -into $tb_kernel_group -radix hex
## add_wave /apatb_convolution2D_top/kernel_1_1 -into $tb_kernel_group -radix hex
## add_wave /apatb_convolution2D_top/kernel_1_0 -into $tb_kernel_group -radix hex
## add_wave /apatb_convolution2D_top/kernel_0_2 -into $tb_kernel_group -radix hex
## add_wave /apatb_convolution2D_top/kernel_0_1 -into $tb_kernel_group -radix hex
## add_wave /apatb_convolution2D_top/kernel_0_0 -into $tb_kernel_group -radix hex
## set tb_input_group [add_wave_group input(memory) -into $tbcinputgroup]
## add_wave /apatb_convolution2D_top/input_2_q1 -into $tb_input_group -radix hex
## add_wave /apatb_convolution2D_top/input_2_ce1 -into $tb_input_group -color #ffff00 -radix hex
## add_wave /apatb_convolution2D_top/input_2_address1 -into $tb_input_group -radix hex
## add_wave /apatb_convolution2D_top/input_2_q0 -into $tb_input_group -radix hex
## add_wave /apatb_convolution2D_top/input_2_ce0 -into $tb_input_group -color #ffff00 -radix hex
## add_wave /apatb_convolution2D_top/input_2_address0 -into $tb_input_group -radix hex
## add_wave /apatb_convolution2D_top/input_1_q1 -into $tb_input_group -radix hex
## add_wave /apatb_convolution2D_top/input_1_ce1 -into $tb_input_group -color #ffff00 -radix hex
## add_wave /apatb_convolution2D_top/input_1_address1 -into $tb_input_group -radix hex
## add_wave /apatb_convolution2D_top/input_1_q0 -into $tb_input_group -radix hex
## add_wave /apatb_convolution2D_top/input_1_ce0 -into $tb_input_group -color #ffff00 -radix hex
## add_wave /apatb_convolution2D_top/input_1_address0 -into $tb_input_group -radix hex
## add_wave /apatb_convolution2D_top/input_0_q1 -into $tb_input_group -radix hex
## add_wave /apatb_convolution2D_top/input_0_ce1 -into $tb_input_group -color #ffff00 -radix hex
## add_wave /apatb_convolution2D_top/input_0_address1 -into $tb_input_group -radix hex
## add_wave /apatb_convolution2D_top/input_0_q0 -into $tb_input_group -radix hex
## add_wave /apatb_convolution2D_top/input_0_ce0 -into $tb_input_group -color #ffff00 -radix hex
## add_wave /apatb_convolution2D_top/input_0_address0 -into $tb_input_group -radix hex
## save_wave_config convolution2D.wcfg
## run all
////////////////////////////////////////////////////////////////////////////////////
// Inter-Transaction Progress: Completed Transaction / Total Transaction
// Intra-Transaction Progress: Measured Latency / Latency Estimation * 100%
//
// RTL Simulation : "Inter-Transaction Progress" ["Intra-Transaction Progress"] @ "Simulation Time"
////////////////////////////////////////////////////////////////////////////////////
// RTL Simulation : 0 / 5 [0.00%] @ "125000"
// RTL Simulation : 1 / 5 [100.00%] @ "845000"
// RTL Simulation : 2 / 5 [100.00%] @ "1555000"
// RTL Simulation : 3 / 5 [100.00%] @ "2265000"
// RTL Simulation : 4 / 5 [100.00%] @ "2975000"
// RTL Simulation : 5 / 5 [100.00%] @ "3685000"
////////////////////////////////////////////////////////////////////////////////////
$finish called at time : 3725 ns : File "F:/Workspace/Design-Conv2D-using-HLS/Convolution2D/Convolution2D/solution1/sim/verilog/convolution2D.autotb.v" Line 937
## quit
INFO: [Common 17-206] Exiting xsim at Wed Dec 18 17:07:54 2024...
