#-----------------------------------------------------------
# xsim v2018.3 (64-bit)
# SW Build 2405991 on Thu Dec  6 23:38:27 MST 2018
# IP Build 2404404 on Fri Dec  7 01:43:56 MST 2018
# Start of session at: Wed Dec 18 21:05:53 2024
# Process ID: 17472
# Current directory: F:/Workspace/Design-Conv2D-using-HLS/Convolution2D/Convolution2D/solution1/sim/vhdl
# Command line: xsim.exe -mode tcl -source {xsim.dir/convolution2D/xsim_script.tcl}
# Log file: F:/Workspace/Design-Conv2D-using-HLS/Convolution2D/Convolution2D/solution1/sim/vhdl/xsim.log
# Journal file: F:/Workspace/Design-Conv2D-using-HLS/Convolution2D/Convolution2D/solution1/sim/vhdl\xsim.jou
#-----------------------------------------------------------
source xsim.dir/convolution2D/xsim_script.tcl
# xsim {convolution2D} -autoloadwcfg -tclbatch {convolution2D.tcl}
Vivado Simulator 2018.3
Time resolution is 1 ps
source convolution2D.tcl
## log_wave -r /
WARNING: [Simtcl 6-197] One or more HDL objects could not be logged because of object type or size limitations.  To see details please rerun the command with -verbose (-v).
## set designtopgroup [add_wave_group "Design Top Signals"]
## set cinoutgroup [add_wave_group "C InOuts" -into $designtopgroup]
## set input__input__input__kernel__kernel__kernel__kernel__kernel__kernel__kernel__kernel__kernel__output__return_group [add_wave_group input__input__input__kernel__kernel__kernel__kernel__kernel__kernel__kernel__kernel__kernel__output__return(axi_slave) -into $cinoutgroup]
## add_wave /apatb_convolution2D_top/AESL_inst_convolution2D/interrupt -into $input__input__input__kernel__kernel__kernel__kernel__kernel__kernel__kernel__kernel__kernel__output__return_group -color #ffff00 -radix hex
## add_wave /apatb_convolution2D_top/AESL_inst_convolution2D/s_axi_conv_io_BRESP -into $input__input__input__kernel__kernel__kernel__kernel__kernel__kernel__kernel__kernel__kernel__output__return_group -radix hex
## add_wave /apatb_convolution2D_top/AESL_inst_convolution2D/s_axi_conv_io_BREADY -into $input__input__input__kernel__kernel__kernel__kernel__kernel__kernel__kernel__kernel__kernel__output__return_group -color #ffff00 -radix hex
## add_wave /apatb_convolution2D_top/AESL_inst_convolution2D/s_axi_conv_io_BVALID -into $input__input__input__kernel__kernel__kernel__kernel__kernel__kernel__kernel__kernel__kernel__output__return_group -color #ffff00 -radix hex
## add_wave /apatb_convolution2D_top/AESL_inst_convolution2D/s_axi_conv_io_RRESP -into $input__input__input__kernel__kernel__kernel__kernel__kernel__kernel__kernel__kernel__kernel__output__return_group -radix hex
## add_wave /apatb_convolution2D_top/AESL_inst_convolution2D/s_axi_conv_io_RDATA -into $input__input__input__kernel__kernel__kernel__kernel__kernel__kernel__kernel__kernel__kernel__output__return_group -radix hex
## add_wave /apatb_convolution2D_top/AESL_inst_convolution2D/s_axi_conv_io_RREADY -into $input__input__input__kernel__kernel__kernel__kernel__kernel__kernel__kernel__kernel__kernel__output__return_group -color #ffff00 -radix hex
## add_wave /apatb_convolution2D_top/AESL_inst_convolution2D/s_axi_conv_io_RVALID -into $input__input__input__kernel__kernel__kernel__kernel__kernel__kernel__kernel__kernel__kernel__output__return_group -color #ffff00 -radix hex
## add_wave /apatb_convolution2D_top/AESL_inst_convolution2D/s_axi_conv_io_ARREADY -into $input__input__input__kernel__kernel__kernel__kernel__kernel__kernel__kernel__kernel__kernel__output__return_group -color #ffff00 -radix hex
## add_wave /apatb_convolution2D_top/AESL_inst_convolution2D/s_axi_conv_io_ARVALID -into $input__input__input__kernel__kernel__kernel__kernel__kernel__kernel__kernel__kernel__kernel__output__return_group -color #ffff00 -radix hex
## add_wave /apatb_convolution2D_top/AESL_inst_convolution2D/s_axi_conv_io_ARADDR -into $input__input__input__kernel__kernel__kernel__kernel__kernel__kernel__kernel__kernel__kernel__output__return_group -radix hex
## add_wave /apatb_convolution2D_top/AESL_inst_convolution2D/s_axi_conv_io_WSTRB -into $input__input__input__kernel__kernel__kernel__kernel__kernel__kernel__kernel__kernel__kernel__output__return_group -radix hex
## add_wave /apatb_convolution2D_top/AESL_inst_convolution2D/s_axi_conv_io_WDATA -into $input__input__input__kernel__kernel__kernel__kernel__kernel__kernel__kernel__kernel__kernel__output__return_group -radix hex
## add_wave /apatb_convolution2D_top/AESL_inst_convolution2D/s_axi_conv_io_WREADY -into $input__input__input__kernel__kernel__kernel__kernel__kernel__kernel__kernel__kernel__kernel__output__return_group -color #ffff00 -radix hex
## add_wave /apatb_convolution2D_top/AESL_inst_convolution2D/s_axi_conv_io_WVALID -into $input__input__input__kernel__kernel__kernel__kernel__kernel__kernel__kernel__kernel__kernel__output__return_group -color #ffff00 -radix hex
## add_wave /apatb_convolution2D_top/AESL_inst_convolution2D/s_axi_conv_io_AWREADY -into $input__input__input__kernel__kernel__kernel__kernel__kernel__kernel__kernel__kernel__kernel__output__return_group -color #ffff00 -radix hex
## add_wave /apatb_convolution2D_top/AESL_inst_convolution2D/s_axi_conv_io_AWVALID -into $input__input__input__kernel__kernel__kernel__kernel__kernel__kernel__kernel__kernel__kernel__output__return_group -color #ffff00 -radix hex
## add_wave /apatb_convolution2D_top/AESL_inst_convolution2D/s_axi_conv_io_AWADDR -into $input__input__input__kernel__kernel__kernel__kernel__kernel__kernel__kernel__kernel__kernel__output__return_group -radix hex
## set blocksiggroup [add_wave_group "Block-level IO Handshake(internal)" -into $designtopgroup]
## add_wave /apatb_convolution2D_top/AESL_inst_convolution2D/ap_done -into $blocksiggroup
## add_wave /apatb_convolution2D_top/AESL_inst_convolution2D/ap_idle -into $blocksiggroup
## add_wave /apatb_convolution2D_top/AESL_inst_convolution2D/ap_ready -into $blocksiggroup
## add_wave /apatb_convolution2D_top/AESL_inst_convolution2D/ap_start -into $blocksiggroup
## set resetgroup [add_wave_group "Reset" -into $designtopgroup]
## add_wave /apatb_convolution2D_top/AESL_inst_convolution2D/ap_rst_n -into $resetgroup
## set clockgroup [add_wave_group "Clock" -into $designtopgroup]
## add_wave /apatb_convolution2D_top/AESL_inst_convolution2D/ap_clk -into $clockgroup
## set testbenchgroup [add_wave_group "Test Bench Signals"]
## set tbinternalsiggroup [add_wave_group "Internal Signals" -into $testbenchgroup]
## set tb_simstatus_group [add_wave_group "Simulation Status" -into $tbinternalsiggroup]
## set tb_portdepth_group [add_wave_group "Port Depth" -into $tbinternalsiggroup]
## add_wave /apatb_convolution2D_top/AUTOTB_TRANSACTION_NUM -into $tb_simstatus_group -radix hex
## add_wave /apatb_convolution2D_top/ready_cnt -into $tb_simstatus_group -radix hex
## add_wave /apatb_convolution2D_top/done_cnt -into $tb_simstatus_group -radix hex
## add_wave /apatb_convolution2D_top/LENGTH_input_0 -into $tb_portdepth_group -radix hex
## add_wave /apatb_convolution2D_top/LENGTH_input_1 -into $tb_portdepth_group -radix hex
## add_wave /apatb_convolution2D_top/LENGTH_input_2 -into $tb_portdepth_group -radix hex
## add_wave /apatb_convolution2D_top/LENGTH_kernel_0_0 -into $tb_portdepth_group -radix hex
## add_wave /apatb_convolution2D_top/LENGTH_kernel_0_1 -into $tb_portdepth_group -radix hex
## add_wave /apatb_convolution2D_top/LENGTH_kernel_0_2 -into $tb_portdepth_group -radix hex
## add_wave /apatb_convolution2D_top/LENGTH_kernel_1_0 -into $tb_portdepth_group -radix hex
## add_wave /apatb_convolution2D_top/LENGTH_kernel_1_1 -into $tb_portdepth_group -radix hex
## add_wave /apatb_convolution2D_top/LENGTH_kernel_1_2 -into $tb_portdepth_group -radix hex
## add_wave /apatb_convolution2D_top/LENGTH_kernel_2_0 -into $tb_portdepth_group -radix hex
## add_wave /apatb_convolution2D_top/LENGTH_kernel_2_1 -into $tb_portdepth_group -radix hex
## add_wave /apatb_convolution2D_top/LENGTH_kernel_2_2 -into $tb_portdepth_group -radix hex
## add_wave /apatb_convolution2D_top/LENGTH_output_r -into $tb_portdepth_group -radix hex
## set tbcinoutgroup [add_wave_group "C InOuts" -into $testbenchgroup]
## set tb_input__input__input__kernel__kernel__kernel__kernel__kernel__kernel__kernel__kernel__kernel__output__return_group [add_wave_group input__input__input__kernel__kernel__kernel__kernel__kernel__kernel__kernel__kernel__kernel__output__return(axi_slave) -into $tbcinoutgroup]
## add_wave /apatb_convolution2D_top/conv_io_INTERRUPT -into $tb_input__input__input__kernel__kernel__kernel__kernel__kernel__kernel__kernel__kernel__kernel__output__return_group -color #ffff00 -radix hex
## add_wave /apatb_convolution2D_top/conv_io_BRESP -into $tb_input__input__input__kernel__kernel__kernel__kernel__kernel__kernel__kernel__kernel__kernel__output__return_group -radix hex
## add_wave /apatb_convolution2D_top/conv_io_BREADY -into $tb_input__input__input__kernel__kernel__kernel__kernel__kernel__kernel__kernel__kernel__kernel__output__return_group -color #ffff00 -radix hex
## add_wave /apatb_convolution2D_top/conv_io_BVALID -into $tb_input__input__input__kernel__kernel__kernel__kernel__kernel__kernel__kernel__kernel__kernel__output__return_group -color #ffff00 -radix hex
## add_wave /apatb_convolution2D_top/conv_io_RRESP -into $tb_input__input__input__kernel__kernel__kernel__kernel__kernel__kernel__kernel__kernel__kernel__output__return_group -radix hex
## add_wave /apatb_convolution2D_top/conv_io_RDATA -into $tb_input__input__input__kernel__kernel__kernel__kernel__kernel__kernel__kernel__kernel__kernel__output__return_group -radix hex
## add_wave /apatb_convolution2D_top/conv_io_RREADY -into $tb_input__input__input__kernel__kernel__kernel__kernel__kernel__kernel__kernel__kernel__kernel__output__return_group -color #ffff00 -radix hex
## add_wave /apatb_convolution2D_top/conv_io_RVALID -into $tb_input__input__input__kernel__kernel__kernel__kernel__kernel__kernel__kernel__kernel__kernel__output__return_group -color #ffff00 -radix hex
## add_wave /apatb_convolution2D_top/conv_io_ARREADY -into $tb_input__input__input__kernel__kernel__kernel__kernel__kernel__kernel__kernel__kernel__kernel__output__return_group -color #ffff00 -radix hex
## add_wave /apatb_convolution2D_top/conv_io_ARVALID -into $tb_input__input__input__kernel__kernel__kernel__kernel__kernel__kernel__kernel__kernel__kernel__output__return_group -color #ffff00 -radix hex
## add_wave /apatb_convolution2D_top/conv_io_ARADDR -into $tb_input__input__input__kernel__kernel__kernel__kernel__kernel__kernel__kernel__kernel__kernel__output__return_group -radix hex
## add_wave /apatb_convolution2D_top/conv_io_WSTRB -into $tb_input__input__input__kernel__kernel__kernel__kernel__kernel__kernel__kernel__kernel__kernel__output__return_group -radix hex
## add_wave /apatb_convolution2D_top/conv_io_WDATA -into $tb_input__input__input__kernel__kernel__kernel__kernel__kernel__kernel__kernel__kernel__kernel__output__return_group -radix hex
## add_wave /apatb_convolution2D_top/conv_io_WREADY -into $tb_input__input__input__kernel__kernel__kernel__kernel__kernel__kernel__kernel__kernel__kernel__output__return_group -color #ffff00 -radix hex
## add_wave /apatb_convolution2D_top/conv_io_WVALID -into $tb_input__input__input__kernel__kernel__kernel__kernel__kernel__kernel__kernel__kernel__kernel__output__return_group -color #ffff00 -radix hex
## add_wave /apatb_convolution2D_top/conv_io_AWREADY -into $tb_input__input__input__kernel__kernel__kernel__kernel__kernel__kernel__kernel__kernel__kernel__output__return_group -color #ffff00 -radix hex
## add_wave /apatb_convolution2D_top/conv_io_AWVALID -into $tb_input__input__input__kernel__kernel__kernel__kernel__kernel__kernel__kernel__kernel__kernel__output__return_group -color #ffff00 -radix hex
## add_wave /apatb_convolution2D_top/conv_io_AWADDR -into $tb_input__input__input__kernel__kernel__kernel__kernel__kernel__kernel__kernel__kernel__kernel__output__return_group -radix hex
## save_wave_config convolution2D.wcfg
## run all
Note: simulation done!
Time: 33825 ns  Iteration: 1  Process: /apatb_convolution2D_top/generate_sim_done_proc  File: F:/Workspace/Design-Conv2D-using-HLS/Convolution2D/Convolution2D/solution1/sim/vhdl/convolution2D.autotb.vhd
Failure: NORMAL EXIT (note: failure is to force the simulator to stop)
Time: 33825 ns  Iteration: 1  Process: /apatb_convolution2D_top/generate_sim_done_proc  File: F:/Workspace/Design-Conv2D-using-HLS/Convolution2D/Convolution2D/solution1/sim/vhdl/convolution2D.autotb.vhd
$finish called at time : 33825 ns
## quit
INFO: [Common 17-206] Exiting xsim at Wed Dec 18 21:05:57 2024...
