INFO-FLOW: Workspace F:/Workspace/Design-Conv2D-using-HLS/Convolution2D/Convolution2D/solution1 opened at Wed Dec 04 15:48:35 +0700 2024
Execute     config_clock -quiet -name default -period 10 -default=false 
INFO: [SYN 201-201] Setting up clock 'default' with a period of 10ns.
Execute     open_platform DefaultPlatform 
Execute     import_lib F:/Vivado/Vivado/2018.3/common/technology/xilinx/zynq/zynq 
Execute       source F:/Vivado/Vivado/2018.3/common/technology/xilinx/common/xilinx.lib 
Execute         source F:/Vivado/Vivado/2018.3/common/technology/xilinx/interface/xilinx_interface.lib 
Execute           source F:/Vivado/Vivado/2018.3/common/technology/xilinx/interface/plb46.lib 
Execute           source F:/Vivado/Vivado/2018.3/common/technology/xilinx/interface/fsl.lib 
Execute           source F:/Vivado/Vivado/2018.3/common/technology/xilinx/interface/axi4.lib 
Execute           source F:/Vivado/Vivado/2018.3/common/technology/xilinx/interface/maxi.lib 
Execute           source F:/Vivado/Vivado/2018.3/common/technology/xilinx/interface/saxilite.lib 
Execute         source F:/Vivado/Vivado/2018.3/common/technology/xilinx/common/dsp48.lib 
Execute         source F:/Vivado/Vivado/2018.3/common/technology/xilinx/ip/dds_compiler.lib 
Execute         source F:/Vivado/Vivado/2018.3/common/technology/xilinx/ip/xfft.lib 
Execute         source F:/Vivado/Vivado/2018.3/common/technology/xilinx/ip/xfir.lib 
Execute       source F:/Vivado/Vivado/2018.3/common/technology/xilinx/common/xilinx_old.lib 
Execute       source F:/Vivado/Vivado/2018.3/common/technology/xilinx/common/xilinx_vivado.lib 
Execute       source F:/Vivado/Vivado/2018.3/common/technology/xilinx/common/xilinx.hlp 
Execute         source F:/Vivado/Vivado/2018.3/common/technology/xilinx/common/target_info.tcl 
Execute         source F:/Vivado/Vivado/2018.3/common/technology/xilinx/interface/xilinx_interface.hlp 
Execute           source F:/Vivado/Vivado/2018.3/common/technology/xilinx/interface/maxi.hlp 
Execute           source F:/Vivado/Vivado/2018.3/common/technology/xilinx/interface/saxilite.hlp 
Execute         source F:/Vivado/Vivado/2018.3/common/technology/xilinx/common/dsp48.hlp 
Execute       source F:/Vivado/Vivado/2018.3/common/technology/xilinx/zynq/dsp48e1.hlp 
Execute       get_default_platform 
Execute       config_chip_info -quiet -resource  {SLICE 13300}  {LUT 53200}     {FF 106400} {DSP48E 220}   {BRAM 280}  
Execute       config_chip_info -quiet -speed medium 
Execute       source F:/Vivado/Vivado/2018.3/common/technology/xilinx/common/xilinx.hlp 
Execute         source F:/Vivado/Vivado/2018.3/common/technology/xilinx/common/target_info.tcl 
Execute         source F:/Vivado/Vivado/2018.3/common/technology/xilinx/interface/xilinx_interface.hlp 
Execute           source F:/Vivado/Vivado/2018.3/common/technology/xilinx/interface/maxi.hlp 
Execute           source F:/Vivado/Vivado/2018.3/common/technology/xilinx/interface/saxilite.hlp 
Execute         source F:/Vivado/Vivado/2018.3/common/technology/xilinx/common/dsp48.hlp 
Execute     source F:/Vivado/Vivado/2018.3/common/technology/xilinx/zynq/zynq.gen 
Execute       source F:/Vivado/Vivado/2018.3/common/technology/xilinx/common/virtex.gen 
Execute         source F:/Vivado/Vivado/2018.3/common/technology/xilinx/common/xilinx.gen 
Execute           source F:/Vivado/Vivado/2018.3/common/technology/xilinx/interface/plb46.gen 
Execute           source F:/Vivado/Vivado/2018.3/common/technology/xilinx/interface/fsl.gen 
Execute           source F:/Vivado/Vivado/2018.3/common/technology/xilinx/interface/axi4.gen 
Execute           source F:/Vivado/Vivado/2018.3/common/technology/xilinx/interface/nativeAXI4.gen 
Execute             source F:/Vivado/Vivado/2018.3/common/technology/xilinx/interface/saxilite.gen 
Execute             source F:/Vivado/Vivado/2018.3/common/technology/xilinx/interface/maxi.gen 
Execute           source F:/Vivado/Vivado/2018.3/common/technology/xilinx/scripts/xilinxcoregen.gen 
Execute           source F:/Vivado/Vivado/2018.3/common/technology/xilinx/interface/XilEDKCoreGen.gen 
Execute           source F:/Vivado/Vivado/2018.3/common/technology/xilinx/ip/dds_compiler.gen 
Execute           source F:/Vivado/Vivado/2018.3/common/technology/xilinx/ip/util.gen 
Execute           source F:/Vivado/Vivado/2018.3/common/technology/xilinx/ip/xfft.gen 
Execute           source F:/Vivado/Vivado/2018.3/common/technology/xilinx/ip/xfir.gen 
Command         ap_source done; 0.138 sec.
Execute         source F:/Vivado/Vivado/2018.3/common/technology/xilinx/common/dsp48.gen 
Command       ap_source done; 0.143 sec.
Command     ap_source done; 0.143 sec.
Execute     open_platform DefaultPlatform 
Execute     import_lib F:/Vivado/Vivado/2018.3/common/technology/xilinx/zynq/zynq_fpv6 
Execute       source F:/Vivado/Vivado/2018.3/common/technology/xilinx/common/xilinx_fpv7.lib 
Execute         source F:/Vivado/Vivado/2018.3/common/technology/xilinx/common/xilinx_hp.lib 
Execute       source F:/Vivado/Vivado/2018.3/common/technology/xilinx/common/xilinx_fpv.hlp 
Execute         source F:/Vivado/Vivado/2018.3/common/technology/xilinx/common/xilinx.hlp 
Execute           source F:/Vivado/Vivado/2018.3/common/technology/xilinx/common/target_info.tcl 
Execute           source F:/Vivado/Vivado/2018.3/common/technology/xilinx/interface/xilinx_interface.hlp 
Execute             source F:/Vivado/Vivado/2018.3/common/technology/xilinx/interface/maxi.hlp 
Execute             source F:/Vivado/Vivado/2018.3/common/technology/xilinx/interface/saxilite.hlp 
Execute           source F:/Vivado/Vivado/2018.3/common/technology/xilinx/common/dsp48.hlp 
Execute       source F:/Vivado/Vivado/2018.3/common/technology/xilinx/zynq/zynq_hp.hlp 
Execute     source F:/Vivado/Vivado/2018.3/common/technology/xilinx/zynq/zynq_fpv6.gen 
Execute       source F:/Vivado/Vivado/2018.3/common/technology/xilinx/common/xilinx_fpv6.gen 
Execute     set_part xc7z020clg484-1 
Execute       add_library xilinx/zynq/zynq:xc7z020:clg484:-1 
Execute         get_default_platform 
Execute         license_isbetapart xc7z020 
Command         license_isbetapart done; error code: 1; 
Execute         get_default_platform 
Execute         config_chip_info -quiet -resource  {SLICE 13300}  {LUT 53200}     {FF 106400} {DSP48E 220}   {BRAM 280}  
Execute         config_chip_info -quiet -speed slow 
Execute       add_library xilinx/zynq/zynq_fpv6 
Execute         get_default_platform 
INFO: [HLS 200-10] Setting target device to 'xc7z020clg484-1'
Execute       get_default_platform 
Command     set_part done; 0.105 sec.
Execute     get_default_platform 
Execute     config_chip_info -quiet -resource  {SLICE 13300}  {LUT 53200}     {FF 106400} {DSP48E 220}   {BRAM 280}  
Execute     config_chip_info -quiet -speed slow 
Command   open_solution done; 0.37 sec.
Execute   set_part xc7z020clg484-1 -tool vivado 
Execute     add_library xilinx/zynq/zynq:xc7z020:clg484:-1 
Execute       get_default_platform 
Execute       license_isbetapart xc7z020 
Command       license_isbetapart done; error code: 1; 
Execute       get_default_platform 
Execute       config_chip_info -quiet -resource  {SLICE 13300}  {LUT 53200}     {FF 106400} {DSP48E 220}   {BRAM 280}  
Execute       config_chip_info -quiet -speed slow 
Execute     add_library xilinx/zynq/zynq_fpv6 
Execute       get_default_platform 
Execute     get_default_platform 
Execute   create_clock -period 10 -name default 
Execute   csynth_design 
Execute     get_config_compile -effort 
Execute     get_config_compile -enable_clang39 
Execute     get_config_compile -g 
Execute     get_config_compile -lm 
Execute     get_config_compile -ng 
Execute     get_config_compile -opt_fp 
Execute     get_config_compile -skip_cdt 
Execute     get_config_compile -skip_syncheck 
Execute     get_config_compile -skip_transform 
Execute     config_compile -blackbox  
Execute     get_config_compile -keep_printf 
Execute     elaborate -effort=medium -skip_syncheck=0 -keep_printf=0 -lm=0 -skip_cdt=0 -skip_transform=0 -ng=0 -g=0 -opt_fp=0 -from_csynth_design=1 
Execute       get_config_schedule -relax_ii_for_timing 
INFO: [SCHED 204-61] Option 'relax_ii_for_timing' is enabled, will increase II to preserve clock frequency constraints.
Execute       get_config_schedule -suppress_dependence_error_break 
INFO: [HLS 200-10] Analyzing design file 'Convolution2D/convolution2D.c' ... 
INFO-FLOW: Compiling one TU...
Execute       is_m_axi_addr64 
INFO-FLOW: Handling Convolution2D/convolution2D.c as C
Execute       get_default_platform 
Execute       is_encrypted Convolution2D/convolution2D.c 
INFO-FLOW: Running: GCC PP
INFO-FLOW: Source preprocessing
Execute       clang  -fno-limit-debug-info -gcc-toolchain "F:/Vivado/Vivado/2018.3/msys" -hls  -fno-exceptions  -D__llvm__  -E "Convolution2D/convolution2D.c"     -fno-math-errno -c -emit-llvm -O0  -mllvm -disable-llvm-optzns -std=gnu89   -DAESL_SYN -D__SYNTHESIS__ -D__HLS_SYN__ -I "F:/Vivado/Vivado/2018.3/common/technology/autopilot" -I "F:/Vivado/Vivado/2018.3/common/technology/autopilot/ap_sysc" -include etc/autopilot_ssdm_op.h -D__DSP48E1__ -D__cdecl=  -o "F:/Workspace/Design-Conv2D-using-HLS/Convolution2D/Convolution2D/solution1/.autopilot/db/convolution2D.pp.0.c" 
INFO-FLOW: exec F:/Vivado/Vivado/2018.3/win64/tools/clang/bin/clang -fno-limit-debug-info -gcc-toolchain F:/Vivado/Vivado/2018.3/msys -hls -fno-exceptions -D__llvm__ -E Convolution2D/convolution2D.c -fno-math-errno -c -emit-llvm -O0 -mllvm -disable-llvm-optzns -std=gnu89 -DAESL_SYN -D__SYNTHESIS__ -D__HLS_SYN__ -I F:/Vivado/Vivado/2018.3/common/technology/autopilot -I F:/Vivado/Vivado/2018.3/common/technology/autopilot/ap_sysc -include etc/autopilot_ssdm_op.h -D__DSP48E1__ -D__cdecl= -o F:/Workspace/Design-Conv2D-using-HLS/Convolution2D/Convolution2D/solution1/.autopilot/db/convolution2D.pp.0.c
Command       clang done; 0.868 sec.
Execute       tidy_31 xilinx-xfmat-array-geometry F:/Workspace/Design-Conv2D-using-HLS/Convolution2D/Convolution2D/solution1/.autopilot/db/convolution2D.pp.0.c std=gnu89 
INFO-FLOW: exec F:/Vivado/Vivado/2018.3/win64/tools/clang-3.9-csynth/bin/tidy-3.1 -header-filter=.* -checks=-*,xilinx-xfmat-array-geometry -quiet -fix F:/Workspace/Design-Conv2D-using-HLS/Convolution2D/Convolution2D/solution1/.autopilot/db/convolution2D.pp.0.c -- -std=gnu89 -fhls -ferror-limit=0
Command       tidy_31 done; 0.108 sec.
INFO-FLOW: Syntax Checking before pre-processing...
Execute       clang -syntaxcheck -src F:/Workspace/Design-Conv2D-using-HLS/Convolution2D/Convolution2D/solution1/.autopilot/db/convolution2D.pp.0.c  -fno-limit-debug-info -gcc-toolchain "F:/Vivado/Vivado/2018.3/msys" -hls    -fno-math-errno -c -emit-llvm -O0  -mllvm -disable-llvm-optzns -std=gnu89   -DAESL_SYN -D__SYNTHESIS__ -D__HLS_SYN__ -I "F:/Vivado/Vivado/2018.3/common/technology/autopilot" -I "F:/Vivado/Vivado/2018.3/common/technology/autopilot/ap_sysc" -include etc/autopilot_ssdm_op.h -D__DSP48E1__ -D__cdecl=  "F:/Workspace/Design-Conv2D-using-HLS/Convolution2D/Convolution2D/solution1/.autopilot/db/convolution2D.pp.0.c"  -o "F:/Workspace/Design-Conv2D-using-HLS/Convolution2D/Convolution2D/solution1/.autopilot/db/useless.bc"  
INFO-FLOW: exec F:/Vivado/Vivado/2018.3/win64/tools/clang/bin/clang -fno-limit-debug-info -gcc-toolchain F:/Vivado/Vivado/2018.3/msys -hls -fno-math-errno -c -emit-llvm -O0 -mllvm -disable-llvm-optzns -std=gnu89 -DAESL_SYN -D__SYNTHESIS__ -D__HLS_SYN__ -I F:/Vivado/Vivado/2018.3/common/technology/autopilot -I F:/Vivado/Vivado/2018.3/common/technology/autopilot/ap_sysc -include etc/autopilot_ssdm_op.h -D__DSP48E1__ -D__cdecl= F:/Workspace/Design-Conv2D-using-HLS/Convolution2D/Convolution2D/solution1/.autopilot/db/convolution2D.pp.0.c -o F:/Workspace/Design-Conv2D-using-HLS/Convolution2D/Convolution2D/solution1/.autopilot/db/useless.bc
Command       clang done; 0.79 sec.
INFO-FLOW: Done: GCC PP time: 1.8 seconds per iteration
Execute       list_core -type functional_unit 
Execute       tidy_31 xilinx-systemc-detector F:/Workspace/Design-Conv2D-using-HLS/Convolution2D/Convolution2D/solution1/.autopilot/db/convolution2D.pp.0.c std=gnu89 -directive=F:/Workspace/Design-Conv2D-using-HLS/Convolution2D/Convolution2D/solution1/.autopilot/db/.systemc_flag 
INFO-FLOW: exec F:/Vivado/Vivado/2018.3/win64/tools/clang-3.9-csynth/bin/tidy-3.1 -header-filter=.* -checks=-*,xilinx-systemc-detector -import-directive=F:/Workspace/Design-Conv2D-using-HLS/Convolution2D/Convolution2D/solution1/.autopilot/db/.systemc_flag -quiet -fix-errors F:/Workspace/Design-Conv2D-using-HLS/Convolution2D/Convolution2D/solution1/.autopilot/db/convolution2D.pp.0.c -- -std=gnu89 -fhls -ferror-limit=0
INFO-FLOW: Running: tidy-3.1 CDT preprocess
Execute       tidy_31 xilinx-directive2pragma F:/Workspace/Design-Conv2D-using-HLS/Convolution2D/Convolution2D/solution1/.autopilot/db/convolution2D.pp.0.c std=gnu89 -directive=F:/Workspace/Design-Conv2D-using-HLS/Convolution2D/Convolution2D/solution1/.autopilot/db/all.directive.json 
INFO-FLOW: exec F:/Vivado/Vivado/2018.3/win64/tools/clang-3.9-csynth/bin/tidy-3.1 -header-filter=.* -checks=-*,xilinx-directive2pragma -import-directive=F:/Workspace/Design-Conv2D-using-HLS/Convolution2D/Convolution2D/solution1/.autopilot/db/all.directive.json -quiet -fix-errors F:/Workspace/Design-Conv2D-using-HLS/Convolution2D/Convolution2D/solution1/.autopilot/db/convolution2D.pp.0.c -- -std=gnu89 -fhls -ferror-limit=0
Execute       get_config_dataflow -strict_mode 
Execute       ap_eval exec -ignorestderr F:/Vivado/Vivado/2018.3/win64/tools/clang-3.9-csynth/bin/xilinx-dataflow-lawyer -export-fixes=F:/Workspace/Design-Conv2D-using-HLS/Convolution2D/Convolution2D/solution1/.autopilot/db/xilinx-dataflow-lawyer.convolution2D.pp.0.c.diag.yml F:/Workspace/Design-Conv2D-using-HLS/Convolution2D/Convolution2D/solution1/.autopilot/db/convolution2D.pp.0.c -- -std=gnu99 -fhls -ferror-limit=0 -fstrict-dataflow > F:/Workspace/Design-Conv2D-using-HLS/Convolution2D/Convolution2D/solution1/.autopilot/db/xilinx-dataflow-lawyer.convolution2D.pp.0.c.out.log 2> F:/Workspace/Design-Conv2D-using-HLS/Convolution2D/Convolution2D/solution1/.autopilot/db/xilinx-dataflow-lawyer.convolution2D.pp.0.c.err.log 
Execute       tidy_31 -errorcheck xilinx-constantarray-param,xilinx-resource-pragma-transformer,xilinx-xfmat-array-geometry F:/Workspace/Design-Conv2D-using-HLS/Convolution2D/Convolution2D/solution1/.autopilot/db/convolution2D.pp.0.c std=gnu89 
Execute         ap_eval exec -ignorestderr F:/Vivado/Vivado/2018.3/win64/tools/clang-3.9-csynth/bin/tidy-3.1 -export-fixes=F:/Workspace/Design-Conv2D-using-HLS/Convolution2D/Convolution2D/solution1/.autopilot/db/tidy-3.1.convolution2D.pp.0.c.diag.yml -header-filter=.* -checks=-*,xilinx-constantarray-param,xilinx-resource-pragma-transformer,xilinx-xfmat-array-geometry -quiet -fix-errors F:/Workspace/Design-Conv2D-using-HLS/Convolution2D/Convolution2D/solution1/.autopilot/db/convolution2D.pp.0.c -- -std=gnu89 -fhls -ferror-limit=0 > F:/Workspace/Design-Conv2D-using-HLS/Convolution2D/Convolution2D/solution1/.autopilot/db/tidy-3.1.convolution2D.pp.0.c.out.log 2> F:/Workspace/Design-Conv2D-using-HLS/Convolution2D/Convolution2D/solution1/.autopilot/db/tidy-3.1.convolution2D.pp.0.c.err.log 
Command         ap_eval done; 0.121 sec.
Execute         ap_eval exec -ignorestderr F:/Vivado/Vivado/2018.3/win64/tools/clang-3.9-csynth/bin/xilinx-legacy-rewriter F:/Workspace/Design-Conv2D-using-HLS/Convolution2D/Convolution2D/solution1/.autopilot/db/convolution2D.pp.0.c -- -std=gnu89 -fhls -ferror-limit=0 > F:/Workspace/Design-Conv2D-using-HLS/Convolution2D/Convolution2D/solution1/.autopilot/db/xilinx-legacy-rewriter.convolution2D.pp.0.c.out.log 2> F:/Workspace/Design-Conv2D-using-HLS/Convolution2D/Convolution2D/solution1/.autopilot/db/xilinx-legacy-rewriter.convolution2D.pp.0.c.err.log 
Command       tidy_31 done; 0.196 sec.
INFO-FLOW: Done: tidy-3.1 CDT preprocess time: 0.4 seconds per iteration
INFO-FLOW: Pragma Handling...
Execute       tidy_31 xilinx-ssdm-intrinsics-arguments F:/Workspace/Design-Conv2D-using-HLS/Convolution2D/Convolution2D/solution1/.autopilot/db/convolution2D.pragma.1.c std=gnu89 
INFO-FLOW: exec F:/Vivado/Vivado/2018.3/win64/tools/clang-3.9-csynth/bin/tidy-3.1 -header-filter=.* -checks=-*,xilinx-ssdm-intrinsics-arguments -quiet -fix-errors F:/Workspace/Design-Conv2D-using-HLS/Convolution2D/Convolution2D/solution1/.autopilot/db/convolution2D.pragma.1.c -- -std=gnu89 -fhls -ferror-limit=0
Execute       get_default_platform 
INFO-FLOW: Processing labels
Execute       clang -src F:/Workspace/Design-Conv2D-using-HLS/Convolution2D/Convolution2D/solution1/.autopilot/db/convolution2D.pragma.2.c  -fno-limit-debug-info -gcc-toolchain F:/Vivado/Vivado/2018.3/msys -hls -hls-analyze-label -hls-analyze-pragma -fno-exceptions  -D__llvm__  -w  "F:/Workspace/Design-Conv2D-using-HLS/Convolution2D/Convolution2D/solution1/.autopilot/db/convolution2D.pragma.2.c"    -fno-math-errno -c -emit-llvm -O0  -mllvm -disable-llvm-optzns -std=gnu89  -DAESL_SYN -D__SYNTHESIS__ -D__HLS_SYN__ -I "F:/Vivado/Vivado/2018.3/common/technology/autopilot" -I "F:/Vivado/Vivado/2018.3/common/technology/autopilot/ap_sysc" -include etc/autopilot_ssdm_op.h -D__DSP48E1__ -g -o "F:/Workspace/Design-Conv2D-using-HLS/Convolution2D/Convolution2D/solution1/.autopilot/db/convolution2D.bc" 
INFO-FLOW: exec F:/Vivado/Vivado/2018.3/win64/tools/clang/bin/clang -fno-limit-debug-info -gcc-toolchain F:/Vivado/Vivado/2018.3/msys -hls -hls-analyze-label -hls-analyze-pragma -fno-exceptions -D__llvm__ -w F:/Workspace/Design-Conv2D-using-HLS/Convolution2D/Convolution2D/solution1/.autopilot/db/convolution2D.pragma.2.c -fno-math-errno -c -emit-llvm -O0 -mllvm -disable-llvm-optzns -std=gnu89 -DAESL_SYN -D__SYNTHESIS__ -D__HLS_SYN__ -I F:/Vivado/Vivado/2018.3/common/technology/autopilot -I F:/Vivado/Vivado/2018.3/common/technology/autopilot/ap_sysc -include etc/autopilot_ssdm_op.h -D__DSP48E1__ -g -o F:/Workspace/Design-Conv2D-using-HLS/Convolution2D/Convolution2D/solution1/.autopilot/db/convolution2D.bc
Command       clang done; 0.849 sec.
INFO-FLOW: Linking Debug ...
Execute       llvm-ld F:/Workspace/Design-Conv2D-using-HLS/Convolution2D/Convolution2D/solution1/.autopilot/db/convolution2D.g.bc -hls-opt -except-internalize convolution2D -LF:/Vivado/Vivado/2018.3/win64/lib -lhlsm -lhlsmc++ -o F:/Workspace/Design-Conv2D-using-HLS/Convolution2D/Convolution2D/solution1/.autopilot/db/a.g 
Command       llvm-ld done; 1.667 sec.
INFO: [HLS 200-111] Finished Linking Time (s): cpu = 00:00:01 ; elapsed = 00:00:06 . Memory (MB): peak = 102.973 ; gain = 18.289
INFO: [HLS 200-111] Finished Checking Pragmas Time (s): cpu = 00:00:01 ; elapsed = 00:00:06 . Memory (MB): peak = 102.973 ; gain = 18.289
Execute       get_config_sdx -target 
Execute       opt_and_import_c a -opt_level=2 -skip_syncheck=0 -ng=0 -keep_printf=0 
Execute         cleanup_all_models 
INFO: [HLS 200-10] Starting code transformations ...
Execute         transform -promote-dbg-pointer F:/Workspace/Design-Conv2D-using-HLS/Convolution2D/Convolution2D/solution1/.autopilot/db/a.pp.bc -o F:/Workspace/Design-Conv2D-using-HLS/Convolution2D/Convolution2D/solution1/.autopilot/db/a.pp.0.bc -f 
Execute         llvm-ld F:/Workspace/Design-Conv2D-using-HLS/Convolution2D/Convolution2D/solution1/.autopilot/db/a.pp.0.bc -disable-opt -LF:/Vivado/Vivado/2018.3/win64/lib -lfloatconversion -o F:/Workspace/Design-Conv2D-using-HLS/Convolution2D/Convolution2D/solution1/.autopilot/db/a.g.0 
Command         llvm-ld done; 0.334 sec.
INFO-FLOW: Running Standard Transforms...
Execute         transform -hls -share-std-xform -demangle-name -inline-byval-memcpy -always-inline -promote-dbg-pointer -interface-preproc -mem2reg -lower-blackbox -scalarrepl -mem2reg -keep-read-access -instcombine -dce -promote-dbg-pointer -bitop-raise -loop-simplify -indvarspre -indvars -loop-simplify -xunroll -constprop -instcombine -simplifycfg -indvars -simplifycfg -dce -globaldce -basicaa -simplifycfg -mem2reg -globalopt -global-constprop -deadargelim -instcombine -simplifycfg -prune-eh -simplifycfg -scalarrepl -instcombine -reassociate -licm -simplifycfg -loop-simplify -indvars -instcombine -simplifycfg -mem2reg -loop-simplify -indvars -instcombine -gvn -gvn -instcombine -adce -break-crit-edges -simplifycfg -loop-delete -global-array-opt -dce -dse -adce -find-syn-modules -top convolution2D -deadargelim -mem2reg -instcombine -dce -presyn-prepare -auto-rom-infer -interface-preproc -syn-check -check-rec-only -find-region -simplifycfg -func-extr -function-inline -globaldce -mem2reg -instcombine -dce -gvn -globaldce -adce -adse -constprop -instcombine -bit-constprop -instcombine -dce -simplifycfg -bitop-raise -simplifycfg -dce -loop-delete -reassociate -globalopt -global-privatize -mem2reg -dce -global-constprop -pointer-simplify -constprop -dce -func-inst -deadargelim -auto-shift-reg-idiom -promote-dbg-pointer -norm-name F:/Workspace/Design-Conv2D-using-HLS/Convolution2D/Convolution2D/solution1/.autopilot/db/a.g.0.bc -o F:/Workspace/Design-Conv2D-using-HLS/Convolution2D/Convolution2D/solution1/.autopilot/db/a.g.1.bc -f -phase std-opt 
INFO: [HLS 200-111] Finished Standard Transforms Time (s): cpu = 00:00:01 ; elapsed = 00:00:06 . Memory (MB): peak = 104.039 ; gain = 19.355
INFO: [HLS 200-10] Checking synthesizability ...
INFO-FLOW: Checking Synthesizability 1/2..
Execute         transform -hls -syn-check -check-rec-only -disaggr -scalarrepl -norm-name -dce -mem2reg -instcombine -function-uniquify -directive-preproc -mem2reg -dse -dce -auto-rom-infer -dce -pag -array-normalize -instcombine -dce -warn-fifo-pointer -array-seg-normalize -instcombine -dce -array-flatten -instcombine -dce -array-burst -dce -deadargelim -promote-global-argument -simplifycfg -mem2reg -globaldce -resolve-double-ptr -dce -deadargelim -dce -instcombine -function-inline -globaldce -dce -doublePtrSimplify -doublePtrElim -dce -doublePtrSimplify -promote-dbg-pointer -dce -scalarrepl -dse -adse -instcombine -ptrLegalization -simplifycfg -dce -instcombine -pointer-simplify -ptrArgReplace -dce -instcombine -disaggr -scalarrepl -norm-name -dce -mem2reg -instcombine -ptrLegalization -simplifycfg -deadargelim -instcombine -dce -inst-simplify -function-uniquify -directive-preproc -mem2reg -dse -dce -globaldce -check-dspbuiltin F:/Workspace/Design-Conv2D-using-HLS/Convolution2D/Convolution2D/solution1/.autopilot/db/a.g.1.bc -o F:/Workspace/Design-Conv2D-using-HLS/Convolution2D/Convolution2D/solution1/.autopilot/db/a.g.2.prechk.bc -f 
INFO-FLOW: Checking Synthesizability 2/2..
Execute         transform -syn-check F:/Workspace/Design-Conv2D-using-HLS/Convolution2D/Convolution2D/solution1/.autopilot/db/a.g.2.prechk.bc -o F:/Workspace/Design-Conv2D-using-HLS/Convolution2D/Convolution2D/solution1/.autopilot/db/a.g.2.bc -f -phase syn-check 
INFO: [HLS 200-111] Finished Checking Synthesizability Time (s): cpu = 00:00:01 ; elapsed = 00:00:06 . Memory (MB): peak = 104.293 ; gain = 19.609
INFO-FLOW: Compiler optimizing ...
INFO-FLOW: Share syncheck's 1.bc for syn flow: copy F:/Workspace/Design-Conv2D-using-HLS/Convolution2D/Convolution2D/solution1/.autopilot/db/a.g.1.bc to F:/Workspace/Design-Conv2D-using-HLS/Convolution2D/Convolution2D/solution1/.autopilot/db/a.o.1.bc
INFO-FLOW: Presyn 1...
Execute         transform -hls -tmp F:/Workspace/Design-Conv2D-using-HLS/Convolution2D/Convolution2D/solution1/.autopilot/db -interface-port-rename -type-info -function-uniquify -directive-preproc -mem2reg -dse -dce -disaggr -scalarrepl -norm-name -deadargelim -mem2reg -instcombine -dce -simplifycfg -auto-rom-infer -dce -function-uniquify -resource-proc -simplifycfg -mem2reg -globaldce -resolve-double-ptr -dce -deadargelim -dce -instcombine -clib-intrinsic-prepare -dce -func-buffer -dce -pag -array-normalize -func-legal -instcombine -gvn -constprop -dce -ptrArgReplace -mem2reg -instcombine -dce -array-seg-normalize -deadargelim -instcombine -dce -pointer-simplify -dce -port-alignment -dce -interface-preproc -data-pack -instcombine -dce -basicaa -aggr-aa -aggrmodref-aa -aggr-aa -gvn -gvn -basicaa -aggr-aa -aggrmodref-aa -aggr-aa -dse -adse -adce -loop-simplify -indvars -instcombine -gvn -loop-simplify -mem2reg -dce -find-region -instcombine -auto-loop-pipeline -inst-simplify -interface-preproc -cfgopt -instcombine -indvars -auto-loop-unroll -loop-simplify -loop-bound -xunroll -constprop -instcombine -simplifycfg -indvars -simplifycfg -dce -globaldce -clean-region -attach-range -gvn -inst-simplify -constprop -simplifycfg -dce -pointer-simplify -dce -globalopt -constprop -dce -array-promote -constprop -instcombine -dce -ptrArgReplace -mem2reg -instcombine -simplifycfg -dce -auto-par -instcombine -dce -array-transform-check -array-reshape -instcombine -simplifycfg -dce -ptrArgReplace -deadargelim -mem2reg -instcombine -simplifycfg -dce -indvars -loop-simplify -loop-bound -xunroll -constprop -instcombine -simplifycfg -indvars -simplifycfg -dce -globaldce -basicaa -aggr-aa -aggrmodref-aa -aggr-aa -dse -duplicate-dataflow-processes -globaldce -instcombine -array-partition -instcombine -simplifycfg -dce -ptrArgReplace -global-constprop -deadargelim -mem2reg -func-legal -instcombine -dce -global-constprop -deadargelim -mem2reg -instcombine -simplifycfg -dce -merge-param -deadargelim -globalopt -constprop -dce -array-promote -constprop -instcombine -dce -ptrArgReplace -mem2reg -instcombine -simplifycfg -dce -mem-intrinsic-preproc -dce -global-internalize -global-privatize -mem2reg -globaldce -promote-global-argument -ptrArgReplace -mem2reg -instcombine -dce -globalopt -mergereturn -simplify-global-access -mem2reg -dce -pointer-simplify -dce -functionattrs -basicaa -aggr-aa -aggrmodref-aa -aggr-aa -gvn -gvn -basicaa -aggr-aa -aggrmodref-aa -aggr-aa -dse -adse -adce -inst-simplify -dce -norm-name -function-inline -globaldce -func-inst -constprop -instcombine -simplifycfg -dce -func-legal -dce -loop-bound -arraycheck -bitwidthmin -on-by-dataflow -loop-delete -instcombine -simplifycfg -globaldce -dce -gvn -deadargelim -dce -loop-simplify -clean-region -simplifycfg -propagate-stable-arguments -loop-stream -instcombine -simplifycfg -dce -globaldce -duplicate-dataflow-processes -stream-intrinsic-preproc -dce -check-ap-stream -loop-simplify -eliminate-keepreads -extract-dataflow-in-loop -loop-simplify -dce -gvn -deadargelim -dse -check-dataflow-syntax -legalize-stream-variable -legalize-global -extract-subproc -dce -dead-channel-elimination -canonicalize-gep -globaldce -dce -gvn -deadargelim -annotate-dataflow-channels -scalar-propagation -deadargelim -globaldce -mem2reg -check-dataflow-channels -function-stream -dce -globaldce -prop-fifo-spec -internal-stream-gen -canonicalize-gep -globaldce -dce -gvn -deadargelim -mergereturn -indvars -loop-simplify -instcombine -array-stream -array-seg-normalize -array-partition -func-legal -instcombine -simplifycfg -dce -bundle-memfifo-ops -deadargelim -function-uniquify -directive-preproc -mem2reg -dse -dce -group-axi-access -licm -simplifycfg -dce -loop-delete -norm-name F:/Workspace/Design-Conv2D-using-HLS/Convolution2D/Convolution2D/solution1/.autopilot/db/a.o.1.bc -o F:/Workspace/Design-Conv2D-using-HLS/Convolution2D/Convolution2D/solution1/.autopilot/db/a.o.1.tmp.bc -f 
INFO: [XFORM 203-502] Unrolling all sub-loops inside loop 'Loop-1' (Convolution2D/convolution2D.c:5) in function 'convolution2D' for pipelining.
INFO: [HLS 200-489] Unrolling loop 'Loop-1.1' (Convolution2D/convolution2D.c:7) in function 'convolution2D' completely with a factor of 3.
INFO: [HLS 200-489] Unrolling loop 'Loop-1.1.1' (Convolution2D/convolution2D.c:9) in function 'convolution2D' completely with a factor of 3.
INFO: [HLS 200-489] Unrolling loop 'Loop-1.1.1.1' (Convolution2D/convolution2D.c:11) in function 'convolution2D' completely with a factor of 3.
Command         transform done; 0.253 sec.
INFO-FLOW: Presyn 2...
Execute         transform -hls -keep-callgraph -scalarrepl -mem2reg -port-alignment -attach-range -dce -pipe-mux-gen -indvars -loop-bound -inst-simplify -instcombine -dce -merge-array-access -mem2reg -dce -clean-region -mergereturn -if-conv -instcombine -dce -constprop -basicaa -aggr-aa -aggrmodref-aa -aggr-aa -gvn -gvn -basicaa -aggr-aa -aggrmodref-aa -aggr-aa -dse -adse -adce -scalarrepl -mem2reg -global-constprop -deadargelim -deadargelim -instcombine -dce -simplifycfg -ptrArgReplace -mem2reg -function-inline -globaldce -mem2reg -instcombine -dce -expr-balance -instcombine -dce -bitwidthmin -interface-preproc -directive-preproc -inst-rectify -instcombine -dce -functionattrs -constprop -instcombine -bit-constprop -simplify-global-access -globalopt -globaldce -inst-simplify -instcombine -elimdeaddata -dce -loop-delete -simplifycfg -loop-simplify -auto-burst -norm-name F:/Workspace/Design-Conv2D-using-HLS/Convolution2D/Convolution2D/solution1/.autopilot/db/a.o.1.tmp.bc -o F:/Workspace/Design-Conv2D-using-HLS/Convolution2D/Convolution2D/solution1/.autopilot/db/a.o.2.bc -f -phase presyn 
INFO: [XFORM 203-11] Balancing expressions in function 'convolution2D' (Convolution2D/convolution2D.c:4)...24 expression(s) balanced.
INFO: [HLS 200-111] Finished Pre-synthesis Time (s): cpu = 00:00:01 ; elapsed = 00:00:07 . Memory (MB): peak = 126.809 ; gain = 42.125
INFO-FLOW: Building ssdm...
Execute         transform -hls -function-uniquify -auto-function-inline -globaldce -ptrArgReplace -mem2reg -instcombine -dce -reset-lda -loop-simplify -indvars -licm -loop-dep -loop-bound -licm -loop-simplify -flattenloopnest -array-flatten -gvn -instcombine -dce -array-map -dce -func-legal -gvn -adce -instcombine -cfgopt -simplifycfg -loop-simplify -array-burst -promote-global-argument -dce -axi4-lower -array-seg-normalize -basicaa -aggrmodref-aa -globalsmodref-aa -aggr-aa -gvn -gvn -basicaa -aggrmodref-aa -globalsmodref-aa -aggr-aa -dse -adse -adce -licm -inst-simplify -dce -globaldce -instcombine -array-stream -eliminate-keepreads -instcombine -dce -deadargelim -doublePtrSimplify -doublePtrElim -dce -doublePtrSimplify -promote-dbg-pointer -dce -scalarrepl -mem2reg -disaggr -norm-name -mem2reg -instcombine -dse -adse -adce -ptrLegalization -dce -auto-rom-infer -array-flatten -dce -instcombine -check-doubleptr -loop-rot -constprop -cfgopt -simplifycfg -loop-simplify -indvars -pointer-simplify -dce -loop-bound -loop-simplify -loop-preproc -constprop -global-constprop -gvn -mem2reg -instcombine -dce -loop-bound -loop-merge -dce -bitwidthmin -deadargelim -dce -canonicalize-dataflow -dce -scalar-propagation -deadargelim -globaldce -mem2reg -read-loop-dep -interface-preproc -directive-preproc -interface-gen -bram-byte-enable -deadargelim -inst-simplify -dce -gvn -mem2reg -instcombine -dce -adse -loop-bound -instcombine -cfgopt -simplifycfg -loop-simplify -clean-region -io-protocol -find-region -mem2reg -bitop-raise -inst-simplify -inst-rectify -instcombine -adce -deadargelim -loop-simplify -phi-opt -bitop-raise -cfgopt -simplifycfg -strip-dead-prototypes -interface-lower -bitop-lower -intrinsic-lower -auto-function-inline -basicaa -aggrmodref-aa -globalsmodref-aa -aggr-aa -inst-simplify -simplifycfg -loop-simplify -mergereturn -inst-simplify -inst-rectify -dce -load-elim -bitop-lower -loop-rewind -pointer-simplify -dce -cfgopt -dce -bitwidth -loop-bound -loop-dep -read-loop-dep -dce -check-stream -norm-name -legalize -validate-dataflow -inst-clarity -cdfg-build F:/Workspace/Design-Conv2D-using-HLS/Convolution2D/Convolution2D/solution1/.autopilot/db/a.o.2.bc -o F:/Workspace/Design-Conv2D-using-HLS/Convolution2D/Convolution2D/solution1/.autopilot/db/a.o.3.bc -f -phase build-ssdm 
Command         transform done; 0.108 sec.
INFO: [HLS 200-111] Finished Architecture Synthesis Time (s): cpu = 00:00:01 ; elapsed = 00:00:07 . Memory (MB): peak = 126.809 ; gain = 42.125
INFO-FLOW: Finish building internal data model.
Command       opt_and_import_c done; 0.98 sec.
Command     elaborate done; 5.822 sec.
Execute     autosyn -from_csynth_design=1 
INFO: [HLS 200-10] Starting hardware synthesis ...
INFO-FLOW: Synthesizing C/C++ design ...
INFO: [HLS 200-10] Synthesizing 'convolution2D' ...
Execute       ap_set_top_model convolution2D 
Execute       get_model_list convolution2D -filter all-wo-channel -topdown 
Execute       preproc_iomode -model convolution2D 
Execute       get_model_list convolution2D -filter all-wo-channel 
INFO-FLOW: Model list for configure: convolution2D
INFO-FLOW: Configuring Module : convolution2D ...
Execute       set_default_model convolution2D 
Execute       apply_spec_resource_limit convolution2D 
INFO-FLOW: Model list for preprocess: convolution2D
INFO-FLOW: Preprocessing Module: convolution2D ...
Execute       set_default_model convolution2D 
Execute       cdfg_preprocess -model convolution2D 
Execute       rtl_gen_preprocess convolution2D 
WARNING: [SYN 201-107] Renaming port name 'convolution2D/input' to 'convolution2D/input_r' to avoid the conflict with HDL keywords or other object names.
WARNING: [SYN 201-107] Renaming port name 'convolution2D/output' to 'convolution2D/output_r' to avoid the conflict with HDL keywords or other object names.
INFO-FLOW: Model list for synthesis: convolution2D
INFO: [HLS 200-10] ----------------------------------------------------------------
INFO: [HLS 200-42] -- Implementing module 'convolution2D' 
INFO: [HLS 200-10] ----------------------------------------------------------------
Execute       set_default_model convolution2D 
Execute       schedule -model convolution2D 
INFO: [SCHED 204-11] Starting scheduling ...
INFO: [SCHED 204-61] Pipelining loop 'Loop 1'.
WARNING: [SCHED 204-69] Unable to schedule 'load' operation ('input_load_2', Convolution2D/convolution2D.c:13) on array 'input_r' due to limited memory ports. Please consider using a memory core with more ports or partitioning the array 'input_r'.
INFO: [SCHED 204-61] Pipelining result : Target II = 1, Final II = 8, Depth = 12.
INFO: [SCHED 204-11] Finished scheduling.
Command       schedule done; 0.441 sec.
INFO: [HLS 200-111]  Elapsed time: 7.52 seconds; current allocated memory: 78.005 MB.
Execute       report -o F:/Workspace/Design-Conv2D-using-HLS/Convolution2D/Convolution2D/solution1/.autopilot/db/convolution2D.verbose.sched.rpt -verbose -f 
Execute       db_write -o F:/Workspace/Design-Conv2D-using-HLS/Convolution2D/Convolution2D/solution1/.autopilot/db/convolution2D.sched.adb -f 
INFO-FLOW: Finish scheduling convolution2D.
Execute       set_default_model convolution2D 
Execute       bind -model convolution2D 
BIND OPTION: fu_weight=[ 0.0 -- 1.0 ]
BIND OPTION: model=convolution2D
BIND OPTION: reg_weight=[ 0.0 -- 1.0 ]
INFO: [BIND 205-100] Starting micro-architecture generation ...
INFO: [BIND 205-101] Performing variable lifetime analysis.
INFO: [BIND 205-101] Exploring resource sharing.
INFO: [BIND 205-101] Binding ...
INFO: [BIND 205-100] Finished micro-architecture generation.
Command       bind done; 0.129 sec.
INFO: [HLS 200-111]  Elapsed time: 0.233 seconds; current allocated memory: 78.531 MB.
Execute       report -o F:/Workspace/Design-Conv2D-using-HLS/Convolution2D/Convolution2D/solution1/.autopilot/db/convolution2D.verbose.bind.rpt -verbose -f 
Command       report done; 0.2 sec.
Execute       db_write -o F:/Workspace/Design-Conv2D-using-HLS/Convolution2D/Convolution2D/solution1/.autopilot/db/convolution2D.bind.adb -f 
INFO-FLOW: Finish binding convolution2D.
Execute       get_model_list convolution2D -filter all-wo-channel 
INFO-FLOW: Preprocessing for RTLGen ...
Execute       rtl_gen_preprocess convolution2D 
INFO-FLOW: Model list for RTL generation: convolution2D
INFO: [HLS 200-10] ----------------------------------------------------------------
INFO: [HLS 200-10] -- Generating RTL for module 'convolution2D' 
INFO: [HLS 200-10] ----------------------------------------------------------------
Execute       get_config_rtl -prefix 
Execute       get_config_rtl -auto_prefix 
Execute       create_rtl_model convolution2D -vendor xilinx -mg_file F:/Workspace/Design-Conv2D-using-HLS/Convolution2D/Convolution2D/solution1/.autopilot/db/convolution2D.compgen.tcl 
INFO: [RTGEN 206-500] Setting interface mode on port 'convolution2D/input_r' to 'ap_memory'.
INFO: [RTGEN 206-500] Setting interface mode on port 'convolution2D/kernel' to 'ap_memory'.
INFO: [RTGEN 206-500] Setting interface mode on port 'convolution2D/output_r' to 'ap_memory'.
INFO: [RTGEN 206-500] Setting interface mode on function 'convolution2D' to 'ap_ctrl_hs'.
INFO: [RTGEN 206-100] Finished creating RTL model for 'convolution2D'.
Command       create_rtl_model done; 0.165 sec.
INFO: [HLS 200-111]  Elapsed time: 0.487 seconds; current allocated memory: 79.576 MB.
Execute       source F:/Workspace/Design-Conv2D-using-HLS/Convolution2D/Convolution2D/solution1/.autopilot/db/convolution2D.rtl_wrap.cfg.tcl 
Execute       gen_rtl convolution2D -istop -style xilinx -tracefl mytrace -tracefmt vcd -traceopt all -f -lang sc -o F:/Workspace/Design-Conv2D-using-HLS/Convolution2D/Convolution2D/solution1/syn/systemc/convolution2D -synmodules convolution2D 
Execute       gen_rtl convolution2D -istop -style xilinx -f -lang vhdl -o F:/Workspace/Design-Conv2D-using-HLS/Convolution2D/Convolution2D/solution1/syn/vhdl/convolution2D 
Execute       gen_rtl convolution2D -istop -style xilinx -f -lang vlog -o F:/Workspace/Design-Conv2D-using-HLS/Convolution2D/Convolution2D/solution1/syn/verilog/convolution2D 
Execute       export_constraint_db -o F:/Workspace/Design-Conv2D-using-HLS/Convolution2D/Convolution2D/solution1/.autopilot/db/convolution2D.constraint.tcl -f -tool general 
Execute       report -model convolution2D -o F:/Workspace/Design-Conv2D-using-HLS/Convolution2D/Convolution2D/solution1/.autopilot/db/convolution2D.design.xml -verbose -f -dv 
Command       report done; 0.104 sec.
Execute       report -model convolution2D -o F:/Workspace/Design-Conv2D-using-HLS/Convolution2D/Convolution2D/solution1/.autopilot/db/convolution2D.sdaccel.xml -verbose -f -sdaccel 
Command       report done; 0.13 sec.
Execute       gen_tb_info convolution2D -o F:/Workspace/Design-Conv2D-using-HLS/Convolution2D/Convolution2D/solution1/.autopilot/db/convolution2D -p F:/Workspace/Design-Conv2D-using-HLS/Convolution2D/Convolution2D/solution1/.autopilot/db 
Execute       report -model convolution2D -o F:/Workspace/Design-Conv2D-using-HLS/Convolution2D/Convolution2D/solution1/syn/report/convolution2D_csynth.rpt -f 
Execute       report -model convolution2D -o F:/Workspace/Design-Conv2D-using-HLS/Convolution2D/Convolution2D/solution1/syn/report/convolution2D_csynth.xml -f -x 
Execute       report -model convolution2D -o F:/Workspace/Design-Conv2D-using-HLS/Convolution2D/Convolution2D/solution1/.autopilot/db/convolution2D.verbose.rpt -verbose -f 
Command       report done; 0.156 sec.
Execute       db_write -model convolution2D -o F:/Workspace/Design-Conv2D-using-HLS/Convolution2D/Convolution2D/solution1/.autopilot/db/convolution2D.adb -f 
Command       db_write done; 0.112 sec.
Execute       sc_get_clocks convolution2D 
Execute       get_config_export -vivado_clock 
Execute       sc_get_portdomain convolution2D 
INFO-FLOW: Model list for RTL component generation: convolution2D
INFO-FLOW: Handling components in module [convolution2D] ... 
Execute       source F:/Workspace/Design-Conv2D-using-HLS/Convolution2D/Convolution2D/solution1/.autopilot/db/convolution2D.compgen.tcl 
INFO-FLOW: Append model convolution2D
INFO-FLOW: Generating RTL model list ...
INFO-FLOW: All models in this session: convolution2D
INFO-FLOW: To file: write model convolution2D
INFO-FLOW: Finished generating RTL model list.


INFO-FLOW: RTL Generation done.
INFO-FLOW: CAS Generation done.
INFO-FLOW: CBC Generation done.
INFO-FLOW: DBG:CMD: auto_generate_csynth_design
INFO-FLOW: DBG:CMD:     auto_generate --sim-model -phase csynth_design -d F:/Workspace/Design-Conv2D-using-HLS/Convolution2D/Convolution2D/solution1
Execute       source F:/Workspace/Design-Conv2D-using-HLS/Convolution2D/Convolution2D/solution1/.autopilot/db/global.setting.tcl 
INFO-FLOW: DBG:CMD: read_platform_lib F:/Workspace/Design-Conv2D-using-HLS/Convolution2D/Convolution2D/solution1/.autopilot/db/global.setting.tcl
Execute       source F:/Vivado/Vivado/2018.3/common/technology/generic/autopilot/common.gen 
Execute         source F:/Vivado/Vivado/2018.3/common/technology/generic/autopilot/APCoreGen.gen 
Execute       source F:/Vivado/Vivado/2018.3/common/technology/generic/autopilot/op.gen 
Execute       source F:/Vivado/Vivado/2018.3/common/technology/generic/autopilot/op_simcore.gen 
Execute       source F:/Vivado/Vivado/2018.3/common/technology/generic/autopilot/interface.gen 
Execute       source F:/Workspace/Design-Conv2D-using-HLS/Convolution2D/Convolution2D/solution1/.autopilot/db/global.setting.tcl 
Execute       source F:/Vivado/Vivado/2018.3/common/technology/xilinx/zynq/zynq.gen 
Execute         source F:/Vivado/Vivado/2018.3/common/technology/xilinx/common/virtex.gen 
Execute           source F:/Vivado/Vivado/2018.3/common/technology/xilinx/common/xilinx.gen 
Execute             source F:/Vivado/Vivado/2018.3/common/technology/xilinx/interface/plb46.gen 
Execute             source F:/Vivado/Vivado/2018.3/common/technology/xilinx/interface/fsl.gen 
Execute             source F:/Vivado/Vivado/2018.3/common/technology/xilinx/interface/axi4.gen 
Execute             source F:/Vivado/Vivado/2018.3/common/technology/xilinx/interface/nativeAXI4.gen 
Execute               source F:/Vivado/Vivado/2018.3/common/technology/xilinx/interface/saxilite.gen 
Execute               source F:/Vivado/Vivado/2018.3/common/technology/xilinx/interface/maxi.gen 
Execute             source F:/Vivado/Vivado/2018.3/common/technology/xilinx/scripts/xilinxcoregen.gen 
Execute             source F:/Vivado/Vivado/2018.3/common/technology/xilinx/interface/XilEDKCoreGen.gen 
Execute             source F:/Vivado/Vivado/2018.3/common/technology/xilinx/ip/dds_compiler.gen 
Execute             source F:/Vivado/Vivado/2018.3/common/technology/xilinx/ip/util.gen 
Execute             source F:/Vivado/Vivado/2018.3/common/technology/xilinx/ip/xfft.gen 
Execute             source F:/Vivado/Vivado/2018.3/common/technology/xilinx/ip/xfir.gen 
Command           ap_source done; 0.143 sec.
Execute           source F:/Vivado/Vivado/2018.3/common/technology/xilinx/common/dsp48.gen 
Command         ap_source done; 0.147 sec.
Command       ap_source done; 0.147 sec.
Execute       source F:/Vivado/Vivado/2018.3/common/technology/xilinx/zynq/zynq_fpv6.gen 
Execute         source F:/Vivado/Vivado/2018.3/common/technology/xilinx/common/xilinx_fpv6.gen 
INFO-FLOW: DBG:CMD:   using AESL_AUTOCG::g_clock_period=10.000 (was NA)
INFO-FLOW: DBG:CMD:       generate_ip_cores sim=1 export=0 expOnly=0 dstVlogDir=syn/verilog
Execute       source F:/Workspace/Design-Conv2D-using-HLS/Convolution2D/Convolution2D/solution1/.autopilot/db/global.setting.tcl 
Execute       source F:/Workspace/Design-Conv2D-using-HLS/Convolution2D/Convolution2D/solution1/.autopilot/db/global.setting.tcl 
Execute       source F:/Workspace/Design-Conv2D-using-HLS/Convolution2D/Convolution2D/solution1/.autopilot/db/global.setting.tcl 
Execute       source F:/Workspace/Design-Conv2D-using-HLS/Convolution2D/Convolution2D/solution1/.autopilot/db/convolution2D.compgen.tcl 
INFO-FLOW: DBG:CMD:     auto_generate -export -impltomg_flag -rtl both -tool Vivado -pcore_version 1.00.a -phase csynth_design -d F:/Workspace/Design-Conv2D-using-HLS/Convolution2D/Convolution2D/solution1
Execute       source F:/Workspace/Design-Conv2D-using-HLS/Convolution2D/Convolution2D/solution1/.autopilot/db/global.setting.tcl 
INFO-FLOW: DBG:CMD: read_platform_lib F:/Workspace/Design-Conv2D-using-HLS/Convolution2D/Convolution2D/solution1/.autopilot/db/global.setting.tcl
Execute       source F:/Vivado/Vivado/2018.3/common/technology/generic/autopilot/common.gen 
Execute         source F:/Vivado/Vivado/2018.3/common/technology/generic/autopilot/APCoreGen.gen 
Execute       source F:/Vivado/Vivado/2018.3/common/technology/generic/autopilot/op.gen 
Execute       source F:/Vivado/Vivado/2018.3/common/technology/generic/autopilot/op_simcore.gen 
Execute       source F:/Vivado/Vivado/2018.3/common/technology/generic/autopilot/interface.gen 
Execute       source F:/Workspace/Design-Conv2D-using-HLS/Convolution2D/Convolution2D/solution1/.autopilot/db/global.setting.tcl 
Execute       source F:/Vivado/Vivado/2018.3/common/technology/xilinx/zynq/zynq.gen 
Execute         source F:/Vivado/Vivado/2018.3/common/technology/xilinx/common/virtex.gen 
Execute           source F:/Vivado/Vivado/2018.3/common/technology/xilinx/common/xilinx.gen 
Execute             source F:/Vivado/Vivado/2018.3/common/technology/xilinx/interface/plb46.gen 
Execute             source F:/Vivado/Vivado/2018.3/common/technology/xilinx/interface/fsl.gen 
Execute             source F:/Vivado/Vivado/2018.3/common/technology/xilinx/interface/axi4.gen 
Execute             source F:/Vivado/Vivado/2018.3/common/technology/xilinx/interface/nativeAXI4.gen 
Execute               source F:/Vivado/Vivado/2018.3/common/technology/xilinx/interface/saxilite.gen 
Execute               source F:/Vivado/Vivado/2018.3/common/technology/xilinx/interface/maxi.gen 
Execute             source F:/Vivado/Vivado/2018.3/common/technology/xilinx/scripts/xilinxcoregen.gen 
Execute             source F:/Vivado/Vivado/2018.3/common/technology/xilinx/interface/XilEDKCoreGen.gen 
Execute             source F:/Vivado/Vivado/2018.3/common/technology/xilinx/ip/dds_compiler.gen 
Execute             source F:/Vivado/Vivado/2018.3/common/technology/xilinx/ip/util.gen 
Execute             source F:/Vivado/Vivado/2018.3/common/technology/xilinx/ip/xfft.gen 
Execute             source F:/Vivado/Vivado/2018.3/common/technology/xilinx/ip/xfir.gen 
Command           ap_source done; 0.156 sec.
Execute           source F:/Vivado/Vivado/2018.3/common/technology/xilinx/common/dsp48.gen 
Command         ap_source done; 0.159 sec.
Command       ap_source done; 0.16 sec.
Execute       source F:/Vivado/Vivado/2018.3/common/technology/xilinx/zynq/zynq_fpv6.gen 
Execute         source F:/Vivado/Vivado/2018.3/common/technology/xilinx/common/xilinx_fpv6.gen 
INFO-FLOW: DBG:CMD:       initCTypeInfo top_module=convolution2D xml_exists=0
Execute       source F:/Workspace/Design-Conv2D-using-HLS/Convolution2D/Convolution2D/solution1/.autopilot/db/convolution2D.rtl_wrap.cfg.tcl 
Execute       source F:/Workspace/Design-Conv2D-using-HLS/Convolution2D/Convolution2D/solution1/.autopilot/db/convolution2D.rtl_wrap.cfg.tcl 
Execute       source F:/Workspace/Design-Conv2D-using-HLS/Convolution2D/Convolution2D/solution1/.autopilot/db/convolution2D.rtl_wrap.cfg.tcl 
Execute       source F:/Workspace/Design-Conv2D-using-HLS/Convolution2D/Convolution2D/solution1/.autopilot/db/convolution2D.tbgen.tcl 
Execute       source F:/Workspace/Design-Conv2D-using-HLS/Convolution2D/Convolution2D/solution1/.autopilot/db/convolution2D.tbgen.tcl 
INFO-FLOW: DBG:CMD:       export_impl_rtl
INFO-FLOW: DBG:CMD:       generate_ip_cores sim=0 export=0 expOnly=0 dstVlogDir=impl/.verilog
Execute       source F:/Workspace/Design-Conv2D-using-HLS/Convolution2D/Convolution2D/solution1/.autopilot/db/global.setting.tcl 
Execute       source F:/Workspace/Design-Conv2D-using-HLS/Convolution2D/Convolution2D/solution1/.autopilot/db/convolution2D.compgen.tcl 
INFO-FLOW: DBG:CMD:       generate_ip_cores sim=0 export=1 expOnly=1 dstVlogDir=impl/.pcores/verilog
Execute       source F:/Workspace/Design-Conv2D-using-HLS/Convolution2D/Convolution2D/solution1/.autopilot/db/global.setting.tcl 
Execute       source F:/Workspace/Design-Conv2D-using-HLS/Convolution2D/Convolution2D/solution1/.autopilot/db/convolution2D.compgen.tcl 
Execute         source F:/Workspace/Design-Conv2D-using-HLS/Convolution2D/Convolution2D/solution1/.autopilot/db/convolution2D.tbgen.tcl 
Execute         source F:/Workspace/Design-Conv2D-using-HLS/Convolution2D/Convolution2D/solution1/.autopilot/db/convolution2D.tbgen.tcl 
Execute         source F:/Workspace/Design-Conv2D-using-HLS/Convolution2D/Convolution2D/solution1/.autopilot/db/convolution2D.tbgen.tcl 
INFO-FLOW: DBG:CMD:       generate_ip_cores sim=0 export=0 expOnly=0 dstVlogDir=impl/.pcores/verilog_sim
Execute       source F:/Workspace/Design-Conv2D-using-HLS/Convolution2D/Convolution2D/solution1/.autopilot/db/global.setting.tcl 
Execute       source F:/Workspace/Design-Conv2D-using-HLS/Convolution2D/Convolution2D/solution1/.autopilot/db/convolution2D.compgen.tcl 
Execute       source F:/Workspace/Design-Conv2D-using-HLS/Convolution2D/Convolution2D/solution1/.autopilot/db/global.setting.tcl 
Execute       source F:/Workspace/Design-Conv2D-using-HLS/Convolution2D/Convolution2D/solution1/.autopilot/db/convolution2D.constraint.tcl 
Execute       source F:/Workspace/Design-Conv2D-using-HLS/Convolution2D/Convolution2D/solution1/.autopilot/db/convolution2D.tbgen.tcl 
INFO-FLOW: DBG:CMD:       hasPcoreIpAdapter=false #gSsdmPorts=8
INFO-FLOW: DBG:CMD: Skipping loadAnalyze_DB, #g_database=3
INFO-FLOW: DBG:CMD:       generate_json is_phase_csynth=1 g_has_adaptors=false generate_bd_files=0 #modelList=1 #gSsdmPorts=8
Execute       source F:/Workspace/Design-Conv2D-using-HLS/Convolution2D/Convolution2D/solution1/.autopilot/db/global.setting.tcl 
Execute       source F:/Workspace/Design-Conv2D-using-HLS/Convolution2D/Convolution2D/solution1/.autopilot/db/global.setting.tcl 
Execute       source F:/Workspace/Design-Conv2D-using-HLS/Convolution2D/Convolution2D/solution1/.autopilot/db/convolution2D.tbgen.tcl 
Execute       source F:/Workspace/Design-Conv2D-using-HLS/Convolution2D/Convolution2D/solution1/.autopilot/db/convolution2D.tbgen.tcl 
Execute       source F:/Workspace/Design-Conv2D-using-HLS/Convolution2D/Convolution2D/solution1/.autopilot/db/global.setting.tcl 
Execute       get_config_sdx -target 
Execute       get_config_export -xo 
Execute       source F:/Workspace/Design-Conv2D-using-HLS/Convolution2D/Convolution2D/solution1/.autopilot/db/global.setting.tcl 
Execute       source F:/Workspace/Design-Conv2D-using-HLS/Convolution2D/Convolution2D/solution1/.autopilot/db/convolution2D.constraint.tcl 
Execute       sc_get_clocks convolution2D 
Execute       source F:/Workspace/Design-Conv2D-using-HLS/Convolution2D/Convolution2D/solution1/.autopilot/db/global.setting.tcl 
Execute       get_config_sdx -target 
Execute       get_config_sdx -profile 
Execute       ::config_rtl 
INFO-FLOW: DBG:CMD: add_json_sdx_info kernel file does not exist: F:/Workspace/Design-Conv2D-using-HLS/Convolution2D/Convolution2D/solution1/.autopilot/db/kernel.internal.xml
INFO-FLOW: DBG:CMD:       delete-temp-dirs (skipped for debug)
INFO: [HLS 200-111] Finished generating all RTL models Time (s): cpu = 00:00:03 ; elapsed = 00:00:10 . Memory (MB): peak = 130.625 ; gain = 45.941
INFO: [SYSC 207-301] Generating SystemC RTL for convolution2D.
INFO: [VHDL 208-304] Generating VHDL RTL for convolution2D.
INFO: [VLOG 209-307] Generating Verilog RTL for convolution2D.
Command     autosyn done; 3.692 sec.
Execute     get_part 
Execute     get_config_export -sdx_tcl 
Command   csynth_design done; 9.536 sec.
Command ap_source done; 9.967 sec.
Execute cleanup_all 
INFO-FLOW: Workspace F:/Workspace/Design-Conv2D-using-HLS/Convolution2D/Convolution2D/solution1 opened at Wed Dec 04 15:50:31 +0700 2024
Execute     config_clock -quiet -name default -period 10 -default=false 
INFO: [SYN 201-201] Setting up clock 'default' with a period of 10ns.
Execute     open_platform DefaultPlatform 
Execute     import_lib F:/Vivado/Vivado/2018.3/common/technology/xilinx/zynq/zynq 
Execute       source F:/Vivado/Vivado/2018.3/common/technology/xilinx/common/xilinx.lib 
Execute         source F:/Vivado/Vivado/2018.3/common/technology/xilinx/interface/xilinx_interface.lib 
Execute           source F:/Vivado/Vivado/2018.3/common/technology/xilinx/interface/plb46.lib 
Execute           source F:/Vivado/Vivado/2018.3/common/technology/xilinx/interface/fsl.lib 
Execute           source F:/Vivado/Vivado/2018.3/common/technology/xilinx/interface/axi4.lib 
Execute           source F:/Vivado/Vivado/2018.3/common/technology/xilinx/interface/maxi.lib 
Execute           source F:/Vivado/Vivado/2018.3/common/technology/xilinx/interface/saxilite.lib 
Execute         source F:/Vivado/Vivado/2018.3/common/technology/xilinx/common/dsp48.lib 
Execute         source F:/Vivado/Vivado/2018.3/common/technology/xilinx/ip/dds_compiler.lib 
Execute         source F:/Vivado/Vivado/2018.3/common/technology/xilinx/ip/xfft.lib 
Execute         source F:/Vivado/Vivado/2018.3/common/technology/xilinx/ip/xfir.lib 
Execute       source F:/Vivado/Vivado/2018.3/common/technology/xilinx/common/xilinx_old.lib 
Execute       source F:/Vivado/Vivado/2018.3/common/technology/xilinx/common/xilinx_vivado.lib 
Execute       source F:/Vivado/Vivado/2018.3/common/technology/xilinx/common/xilinx.hlp 
Execute         source F:/Vivado/Vivado/2018.3/common/technology/xilinx/common/target_info.tcl 
Execute         source F:/Vivado/Vivado/2018.3/common/technology/xilinx/interface/xilinx_interface.hlp 
Execute           source F:/Vivado/Vivado/2018.3/common/technology/xilinx/interface/maxi.hlp 
Execute           source F:/Vivado/Vivado/2018.3/common/technology/xilinx/interface/saxilite.hlp 
Execute         source F:/Vivado/Vivado/2018.3/common/technology/xilinx/common/dsp48.hlp 
Execute       source F:/Vivado/Vivado/2018.3/common/technology/xilinx/zynq/dsp48e1.hlp 
Execute       get_default_platform 
Execute       config_chip_info -quiet -resource  {SLICE 13300}  {LUT 53200}     {FF 106400} {DSP48E 220}   {BRAM 280}  
Execute       config_chip_info -quiet -speed medium 
Execute       source F:/Vivado/Vivado/2018.3/common/technology/xilinx/common/xilinx.hlp 
Execute         source F:/Vivado/Vivado/2018.3/common/technology/xilinx/common/target_info.tcl 
Execute         source F:/Vivado/Vivado/2018.3/common/technology/xilinx/interface/xilinx_interface.hlp 
Execute           source F:/Vivado/Vivado/2018.3/common/technology/xilinx/interface/maxi.hlp 
Execute           source F:/Vivado/Vivado/2018.3/common/technology/xilinx/interface/saxilite.hlp 
Execute         source F:/Vivado/Vivado/2018.3/common/technology/xilinx/common/dsp48.hlp 
Execute     source F:/Vivado/Vivado/2018.3/common/technology/xilinx/zynq/zynq.gen 
Execute       source F:/Vivado/Vivado/2018.3/common/technology/xilinx/common/virtex.gen 
Execute         source F:/Vivado/Vivado/2018.3/common/technology/xilinx/common/xilinx.gen 
Execute           source F:/Vivado/Vivado/2018.3/common/technology/xilinx/interface/plb46.gen 
Execute           source F:/Vivado/Vivado/2018.3/common/technology/xilinx/interface/fsl.gen 
Execute           source F:/Vivado/Vivado/2018.3/common/technology/xilinx/interface/axi4.gen 
Execute           source F:/Vivado/Vivado/2018.3/common/technology/xilinx/interface/nativeAXI4.gen 
Execute             source F:/Vivado/Vivado/2018.3/common/technology/xilinx/interface/saxilite.gen 
Execute             source F:/Vivado/Vivado/2018.3/common/technology/xilinx/interface/maxi.gen 
Execute           source F:/Vivado/Vivado/2018.3/common/technology/xilinx/scripts/xilinxcoregen.gen 
Execute           source F:/Vivado/Vivado/2018.3/common/technology/xilinx/interface/XilEDKCoreGen.gen 
Execute           source F:/Vivado/Vivado/2018.3/common/technology/xilinx/ip/dds_compiler.gen 
Execute           source F:/Vivado/Vivado/2018.3/common/technology/xilinx/ip/util.gen 
Execute           source F:/Vivado/Vivado/2018.3/common/technology/xilinx/ip/xfft.gen 
Command           ap_source done; 0.192 sec.
Execute           source F:/Vivado/Vivado/2018.3/common/technology/xilinx/ip/xfir.gen 
Command         ap_source done; 0.29 sec.
Execute         source F:/Vivado/Vivado/2018.3/common/technology/xilinx/common/dsp48.gen 
Command       ap_source done; 0.293 sec.
Command     ap_source done; 0.294 sec.
Execute     open_platform DefaultPlatform 
Execute     import_lib F:/Vivado/Vivado/2018.3/common/technology/xilinx/zynq/zynq_fpv6 
Execute       source F:/Vivado/Vivado/2018.3/common/technology/xilinx/common/xilinx_fpv7.lib 
Execute         source F:/Vivado/Vivado/2018.3/common/technology/xilinx/common/xilinx_hp.lib 
Execute       source F:/Vivado/Vivado/2018.3/common/technology/xilinx/common/xilinx_fpv.hlp 
Execute         source F:/Vivado/Vivado/2018.3/common/technology/xilinx/common/xilinx.hlp 
Execute           source F:/Vivado/Vivado/2018.3/common/technology/xilinx/common/target_info.tcl 
Execute           source F:/Vivado/Vivado/2018.3/common/technology/xilinx/interface/xilinx_interface.hlp 
Execute             source F:/Vivado/Vivado/2018.3/common/technology/xilinx/interface/maxi.hlp 
Execute             source F:/Vivado/Vivado/2018.3/common/technology/xilinx/interface/saxilite.hlp 
Execute           source F:/Vivado/Vivado/2018.3/common/technology/xilinx/common/dsp48.hlp 
Execute       source F:/Vivado/Vivado/2018.3/common/technology/xilinx/zynq/zynq_hp.hlp 
Execute     source F:/Vivado/Vivado/2018.3/common/technology/xilinx/zynq/zynq_fpv6.gen 
Execute       source F:/Vivado/Vivado/2018.3/common/technology/xilinx/common/xilinx_fpv6.gen 
Execute     set_part xc7z020clg484-1 
Execute       add_library xilinx/zynq/zynq:xc7z020:clg484:-1 
Execute         get_default_platform 
Execute         license_isbetapart xc7z020 
Command         license_isbetapart done; error code: 1; 
Execute         get_default_platform 
Execute         config_chip_info -quiet -resource  {SLICE 13300}  {LUT 53200}     {FF 106400} {DSP48E 220}   {BRAM 280}  
Execute         config_chip_info -quiet -speed slow 
Execute       add_library xilinx/zynq/zynq_fpv6 
Execute         get_default_platform 
INFO: [HLS 200-10] Setting target device to 'xc7z020clg484-1'
Execute       get_default_platform 
Command     set_part done; 0.143 sec.
Execute     get_default_platform 
Execute     config_chip_info -quiet -resource  {SLICE 13300}  {LUT 53200}     {FF 106400} {DSP48E 220}   {BRAM 280}  
Execute     config_chip_info -quiet -speed slow 
Command   open_solution done; 0.6 sec.
Execute   cosim_design 
Execute     source F:/Workspace/Design-Conv2D-using-HLS/Convolution2D/Convolution2D/solution1/.autopilot/db/global.setting.tcl 
Execute     source F:/Workspace/Design-Conv2D-using-HLS/Convolution2D/Convolution2D/solution1/.autopilot/db/global.setting.tcl 
Execute     source F:/Workspace/Design-Conv2D-using-HLS/Convolution2D/Convolution2D/solution1/.autopilot/db/global.setting.tcl 
INFO-FLOW: DBG:CMD: read_platform_lib F:/Workspace/Design-Conv2D-using-HLS/Convolution2D/Convolution2D/solution1/.autopilot/db/global.setting.tcl
Execute     source F:/Vivado/Vivado/2018.3/common/technology/generic/autopilot/common.gen 
Execute       source F:/Vivado/Vivado/2018.3/common/technology/generic/autopilot/APCoreGen.gen 
Execute     source F:/Vivado/Vivado/2018.3/common/technology/generic/autopilot/op.gen 
Execute     source F:/Vivado/Vivado/2018.3/common/technology/generic/autopilot/op_simcore.gen 
Execute     source F:/Vivado/Vivado/2018.3/common/technology/generic/autopilot/interface.gen 
Execute     source F:/Workspace/Design-Conv2D-using-HLS/Convolution2D/Convolution2D/solution1/.autopilot/db/global.setting.tcl 
Execute     source F:/Vivado/Vivado/2018.3/common/technology/xilinx/zynq/zynq.gen 
Execute       source F:/Vivado/Vivado/2018.3/common/technology/xilinx/common/virtex.gen 
Execute         source F:/Vivado/Vivado/2018.3/common/technology/xilinx/common/xilinx.gen 
Execute           source F:/Vivado/Vivado/2018.3/common/technology/xilinx/interface/plb46.gen 
Execute           source F:/Vivado/Vivado/2018.3/common/technology/xilinx/interface/fsl.gen 
Execute           source F:/Vivado/Vivado/2018.3/common/technology/xilinx/interface/axi4.gen 
Execute           source F:/Vivado/Vivado/2018.3/common/technology/xilinx/interface/nativeAXI4.gen 
Execute             source F:/Vivado/Vivado/2018.3/common/technology/xilinx/interface/saxilite.gen 
Execute             source F:/Vivado/Vivado/2018.3/common/technology/xilinx/interface/maxi.gen 
Execute           source F:/Vivado/Vivado/2018.3/common/technology/xilinx/scripts/xilinxcoregen.gen 
Execute           source F:/Vivado/Vivado/2018.3/common/technology/xilinx/interface/XilEDKCoreGen.gen 
Execute           source F:/Vivado/Vivado/2018.3/common/technology/xilinx/ip/dds_compiler.gen 
Execute           source F:/Vivado/Vivado/2018.3/common/technology/xilinx/ip/util.gen 
Execute           source F:/Vivado/Vivado/2018.3/common/technology/xilinx/ip/xfft.gen 
Execute           source F:/Vivado/Vivado/2018.3/common/technology/xilinx/ip/xfir.gen 
Command         ap_source done; 0.133 sec.
Execute         source F:/Vivado/Vivado/2018.3/common/technology/xilinx/common/dsp48.gen 
Command       ap_source done; 0.137 sec.
Command     ap_source done; 0.137 sec.
Execute     source F:/Vivado/Vivado/2018.3/common/technology/xilinx/zynq/zynq_fpv6.gen 
Execute       source F:/Vivado/Vivado/2018.3/common/technology/xilinx/common/xilinx_fpv6.gen 
INFO-FLOW: DBG:CMD:   using AESL_AUTOCG::g_clock_period=10.000 (was NA)
Execute     source F:/Workspace/Design-Conv2D-using-HLS/Convolution2D/Convolution2D/solution1/.autopilot/db/global.setting.tcl 
Execute     source F:/Workspace/Design-Conv2D-using-HLS/Convolution2D/Convolution2D/solution1/.autopilot/db/convolution2D.rtl_wrap.cfg.tcl 
Execute     source F:/Workspace/Design-Conv2D-using-HLS/Convolution2D/Convolution2D/solution1/.autopilot/db/convolution2D.tbgen.tcl 
Execute     is_encrypted F:/Workspace/Design-Conv2D-using-HLS/Convolution2D/Convolution2D/testbench.c 
Execute     is_encrypted F:/Workspace/Design-Conv2D-using-HLS/Convolution2D/Convolution2D/convolution2D.h 
Execute     is_encrypted F:/Workspace/Design-Conv2D-using-HLS/Convolution2D/Convolution2D/convolution2D.c 
Execute     source F:/Workspace/Design-Conv2D-using-HLS/Convolution2D/Convolution2D/solution1/.autopilot/db/convolution2D.tbgen.tcl 
Execute     source F:/Workspace/Design-Conv2D-using-HLS/Convolution2D/Convolution2D/solution1/.autopilot/db/convolution2D.tbgen.tcl 
INFO: [COSIM 212-47] Using XSIM for RTL simulation.
INFO: [COSIM 212-14] Instrumenting C test bench ...
Execute     get_default_platform 
INFO-FLOW: TB processing: F:/Workspace/Design-Conv2D-using-HLS/Convolution2D/Convolution2D/testbench.c F:/Workspace/Design-Conv2D-using-HLS/Convolution2D/Convolution2D/solution1/./sim/autowrap/testbench/testbench.c_pre.c
Execute     tidy_31 xilinx-tb-xfmat F:/Workspace/Design-Conv2D-using-HLS/Convolution2D/Convolution2D/solution1/./sim/autowrap/testbench/testbench.c_pre.c std=gnu89 
INFO-FLOW: exec F:/Vivado/Vivado/2018.3/win64/tools/clang-3.9-csynth/bin/tidy-3.1 -header-filter=.* -checks=-*,xilinx-tb-xfmat -quiet -fix-errors F:/Workspace/Design-Conv2D-using-HLS/Convolution2D/Convolution2D/solution1/./sim/autowrap/testbench/testbench.c_pre.c -- -std=gnu89 -fhls -ferror-limit=0
Command     tidy_31 done; 0.116 sec.
INFO-FLOW: Marker-Pragma convertor: F:/Workspace/Design-Conv2D-using-HLS/Convolution2D/Convolution2D/solution1/./sim/autowrap/testbench/testbench.c_pre.c F:/Workspace/Design-Conv2D-using-HLS/Convolution2D/Convolution2D/solution1/./sim/autowrap/testbench/testbench.c_pre.c.line.c ./sim/autowrap/testbench/line.tmp 1
INFO-FLOW: Converting Markers to Pragmas...
INFO-FLOW: Marker-Pragma convertor: F:/Workspace/Design-Conv2D-using-HLS/Convolution2D/Convolution2D/solution1/./sim/autowrap/testbench/testbench.c_pre.c.tb.c.line F:/Workspace/Design-Conv2D-using-HLS/Convolution2D/Convolution2D/solution1/./sim/autowrap/testbench/testbench.c_pre.c.tb.c ./sim/autowrap/testbench/line.tmp 0
INFO-FLOW: Converting Pragmas to Markers...
Execute     get_default_platform 
INFO-FLOW: TB processing: F:/Workspace/Design-Conv2D-using-HLS/Convolution2D/Convolution2D/convolution2D.c F:/Workspace/Design-Conv2D-using-HLS/Convolution2D/Convolution2D/solution1/./sim/autowrap/testbench/convolution2D.c_pre.c
Execute     tidy_31 xilinx-tb-xfmat F:/Workspace/Design-Conv2D-using-HLS/Convolution2D/Convolution2D/solution1/./sim/autowrap/testbench/convolution2D.c_pre.c std=gnu89 
INFO-FLOW: exec F:/Vivado/Vivado/2018.3/win64/tools/clang-3.9-csynth/bin/tidy-3.1 -header-filter=.* -checks=-*,xilinx-tb-xfmat -quiet -fix-errors F:/Workspace/Design-Conv2D-using-HLS/Convolution2D/Convolution2D/solution1/./sim/autowrap/testbench/convolution2D.c_pre.c -- -std=gnu89 -fhls -ferror-limit=0
INFO-FLOW: Marker-Pragma convertor: F:/Workspace/Design-Conv2D-using-HLS/Convolution2D/Convolution2D/solution1/./sim/autowrap/testbench/convolution2D.c_pre.c F:/Workspace/Design-Conv2D-using-HLS/Convolution2D/Convolution2D/solution1/./sim/autowrap/testbench/convolution2D.c_pre.c.line.c ./sim/autowrap/testbench/line.tmp 1
INFO-FLOW: Converting Markers to Pragmas...
INFO-FLOW: Marker-Pragma convertor: F:/Workspace/Design-Conv2D-using-HLS/Convolution2D/Convolution2D/solution1/./sim/autowrap/testbench/convolution2D.c_pre.c.tb.c.line F:/Workspace/Design-Conv2D-using-HLS/Convolution2D/Convolution2D/solution1/./sim/autowrap/testbench/convolution2D.c_pre.c.tb.c ./sim/autowrap/testbench/line.tmp 0
INFO-FLOW: Converting Pragmas to Markers...
Execute     source F:/Workspace/Design-Conv2D-using-HLS/Convolution2D/Convolution2D/solution1/./sim/autowrap/testbench/tb.status.tcl 
Execute     source F:/Workspace/Design-Conv2D-using-HLS/Convolution2D/Convolution2D/solution1/.autopilot/db/global.setting.tcl 
Execute     source F:/Workspace/Design-Conv2D-using-HLS/Convolution2D/Convolution2D/solution1/.autopilot/db/convolution2D.rtl_wrap.cfg.tcl 
Execute     source F:/Workspace/Design-Conv2D-using-HLS/Convolution2D/Convolution2D/solution1/.autopilot/db/convolution2D.rtl_wrap.cfg.tcl 
Execute     source F:/Workspace/Design-Conv2D-using-HLS/Convolution2D/Convolution2D/solution1/.autopilot/db/convolution2D.rtl_wrap.cfg.tcl 
Execute     source F:/Workspace/Design-Conv2D-using-HLS/Convolution2D/Convolution2D/solution1/.autopilot/db/convolution2D.tbgen.tcl 
Execute     source F:/Workspace/Design-Conv2D-using-HLS/Convolution2D/Convolution2D/solution1/.autopilot/db/convolution2D.tbgen.tcl 
Execute     get_default_platform 
Execute     source F:/Workspace/Design-Conv2D-using-HLS/Convolution2D/Convolution2D/solution1/.autopilot/db/convolution2D.rtl_wrap.cfg.tcl 
Execute     source .run_sim.tcl 
INFO: [COSIM 212-302] Starting C TB testing ... 
Command     ap_source done; 0.592 sec.
INFO: [COSIM 212-333] Generating C post check test bench ...
Execute     get_default_platform 
Execute     source F:/Workspace/Design-Conv2D-using-HLS/Convolution2D/Convolution2D/solution1/.autopilot/db/convolution2D.rtl_wrap.cfg.tcl 
INFO: [COSIM 212-12] Generating RTL test bench ...
Execute     source F:/Workspace/Design-Conv2D-using-HLS/Convolution2D/Convolution2D/solution1/.autopilot/db/convolution2D.tbgen.tcl 
Execute     source F:/Workspace/Design-Conv2D-using-HLS/Convolution2D/Convolution2D/solution1/.autopilot/db/convolution2D.tbgen.tcl 
Execute     source F:/Workspace/Design-Conv2D-using-HLS/Convolution2D/Convolution2D/solution1/.autopilot/db/convolution2D.tbgen.tcl 
Execute     source F:/Workspace/Design-Conv2D-using-HLS/Convolution2D/Convolution2D/solution1/.autopilot/db/convolution2D.tbgen.tcl 
Execute     source ../tv/cdatafile/ref.tcl 
Execute     source F:/Workspace/Design-Conv2D-using-HLS/Convolution2D/Convolution2D/solution1/.autopilot/db/convolution2D.tbgen.tcl 
Execute     source F:/Workspace/Design-Conv2D-using-HLS/Convolution2D/Convolution2D/solution1/.autopilot/db/convolution2D.tbgen.tcl 
Execute     source F:/Workspace/Design-Conv2D-using-HLS/Convolution2D/Convolution2D/solution1/.autopilot/db/convolution2D.tbgen.tcl 
Execute     source F:/Workspace/Design-Conv2D-using-HLS/Convolution2D/Convolution2D/solution1/.autopilot/db/convolution2D.tbgen.tcl 
Execute     source F:/Workspace/Design-Conv2D-using-HLS/Convolution2D/Convolution2D/solution1/.autopilot/db/convolution2D.tbgen.tcl 
Execute     source F:/Workspace/Design-Conv2D-using-HLS/Convolution2D/Convolution2D/solution1/.autopilot/db/convolution2D.tbgen.tcl 
Execute     source F:/Workspace/Design-Conv2D-using-HLS/Convolution2D/Convolution2D/solution1/.autopilot/db/convolution2D.tbgen.tcl 
Execute     source F:/Workspace/Design-Conv2D-using-HLS/Convolution2D/Convolution2D/solution1/.autopilot/db/convolution2D.tbgen.tcl 
Execute     source F:/Workspace/Design-Conv2D-using-HLS/Convolution2D/Convolution2D/solution1/.autopilot/db/convolution2D.tbgen.tcl 
Execute     source F:/Workspace/Design-Conv2D-using-HLS/Convolution2D/Convolution2D/solution1/.autopilot/db/convolution2D.tbgen.tcl 
Execute     source F:/Workspace/Design-Conv2D-using-HLS/Convolution2D/Convolution2D/solution1/.autopilot/db/convolution2D.tbgen.tcl 
Execute     source F:/Workspace/Design-Conv2D-using-HLS/Convolution2D/Convolution2D/solution1/.autopilot/db/convolution2D.tbgen.tcl 
Execute     source F:/Workspace/Design-Conv2D-using-HLS/Convolution2D/Convolution2D/solution1/.autopilot/db/convolution2D.tbgen.tcl 
Execute     source F:/Workspace/Design-Conv2D-using-HLS/Convolution2D/Convolution2D/solution1/.autopilot/db/convolution2D.tbgen.tcl 
Execute     source F:/Workspace/Design-Conv2D-using-HLS/Convolution2D/Convolution2D/solution1/.autopilot/db/convolution2D.tbgen.tcl 
Execute     source F:/Workspace/Design-Conv2D-using-HLS/Convolution2D/Convolution2D/solution1/.autopilot/db/convolution2D.tbgen.tcl 
Execute     source ../tv/cdatafile/ref.tcl 
Execute     source F:/Workspace/Design-Conv2D-using-HLS/Convolution2D/Convolution2D/solution1/.autopilot/db/convolution2D.tbgen.tcl 
Execute     source F:/Workspace/Design-Conv2D-using-HLS/Convolution2D/Convolution2D/solution1/.autopilot/db/convolution2D.tbgen.tcl 
Execute     source F:/Workspace/Design-Conv2D-using-HLS/Convolution2D/Convolution2D/solution1/.autopilot/db/convolution2D.tbgen.tcl 
Execute     source F:/Workspace/Design-Conv2D-using-HLS/Convolution2D/Convolution2D/solution1/.autopilot/db/convolution2D.tbgen.tcl 
Execute     source F:/Workspace/Design-Conv2D-using-HLS/Convolution2D/Convolution2D/solution1/.autopilot/db/convolution2D.tbgen.tcl 
Execute     source F:/Workspace/Design-Conv2D-using-HLS/Convolution2D/Convolution2D/solution1/.autopilot/db/convolution2D.tbgen.tcl 
Execute     source F:/Workspace/Design-Conv2D-using-HLS/Convolution2D/Convolution2D/solution1/.autopilot/db/convolution2D.tbgen.tcl 
Execute     source F:/Workspace/Design-Conv2D-using-HLS/Convolution2D/Convolution2D/solution1/.autopilot/db/convolution2D.tbgen.tcl 
Execute     source F:/Workspace/Design-Conv2D-using-HLS/Convolution2D/Convolution2D/solution1/.autopilot/db/convolution2D.tbgen.tcl 
Execute     source F:/Workspace/Design-Conv2D-using-HLS/Convolution2D/Convolution2D/solution1/.autopilot/db/convolution2D.tbgen.tcl 
Execute     source F:/Workspace/Design-Conv2D-using-HLS/Convolution2D/Convolution2D/solution1/.autopilot/db/convolution2D.tbgen.tcl 
Execute     source .run_sim.tcl 
Execute       source check_sim.tcl 
Execute       source .sim.status.tcl 
INFO: [COSIM 212-323] Starting verilog simulation. 
INFO: [COSIM 212-15] Starting XSIM ...
INFO: [COSIM 212-316] Starting C post checking ...
Command     ap_source done; 21.968 sec.
INFO: [COSIM 212-1000] *** C/RTL co-simulation finished: PASS ***
Command   cosim_design done; 45.35 sec.
Command ap_source done; 45.973 sec.
Execute cleanup_all 
