INFO: [HLS 200-10] Running 'F:/Vivado/Vivado/2018.3/bin/unwrapped/win64.o/vivado_hls.exe'
INFO: [HLS 200-10] For user 'TGDD' on host 'laptop-f7v13plb' (Windows NT_amd64 version 6.2) on Fri Nov 29 21:02:55 +0700 2024
INFO: [HLS 200-10] In directory 'F:/Workspace/Convolution2D'
INFO: [HLS 200-10] Opening project 'F:/Workspace/Convolution2D/Convolution2D'.
INFO: [HLS 200-10] Adding design file 'Convolution2D/convolution2D.h' to the project
INFO: [HLS 200-10] Adding design file 'Convolution2D/convolution2D.c' to the project
INFO: [HLS 200-10] Adding test bench file 'Convolution2D/testbench.c' to the project
INFO: [HLS 200-10] Opening solution 'F:/Workspace/Convolution2D/Convolution2D/solution1'.
INFO: [SYN 201-201] Setting up clock 'default' with a period of 10ns.
INFO: [HLS 200-10] Setting target device to 'xc7z020clg484-1'
INFO: [SCHED 204-61] Option 'relax_ii_for_timing' is enabled, will increase II to preserve clock frequency constraints.
INFO: [HLS 200-10] Analyzing design file 'Convolution2D/convolution2D.c' ... 
INFO: [HLS 200-111] Finished Linking Time (s): cpu = 00:00:01 ; elapsed = 00:00:10 . Memory (MB): peak = 102.695 ; gain = 18.016
INFO: [HLS 200-111] Finished Checking Pragmas Time (s): cpu = 00:00:01 ; elapsed = 00:00:10 . Memory (MB): peak = 102.695 ; gain = 18.016
INFO: [HLS 200-10] Starting code transformations ...
INFO: [HLS 200-111] Finished Standard Transforms Time (s): cpu = 00:00:01 ; elapsed = 00:00:11 . Memory (MB): peak = 103.949 ; gain = 19.270
INFO: [HLS 200-10] Checking synthesizability ...
ERROR: [SYNCHK 200-61] Convolution2D/convolution2D.c:10: unsupported memory access on variable 'input' which is (or contains) an array with unknown size at compile time.
INFO: [SYNCHK 200-10] 1 error(s), 0 warning(s).
ERROR: [HLS 200-70] Synthesizability check failed.
command 'ap_source' returned error code
    while executing
"source F:/Workspace/Convolution2D/Convolution2D/solution1/csynth.tcl"
    invoked from within
"hls::main F:/Workspace/Convolution2D/Convolution2D/solution1/csynth.tcl"
    ("uplevel" body line 1)
    invoked from within
"uplevel 1 hls::main {*}$args"
    (procedure "hls_proc" line 5)
    invoked from within
"hls_proc $argv"
